Started GET "/post" for ::1 at 2021-07-01 16:44:40 +0900
  [1m[35m (1.8ms)[0m  [1m[34mSELECT sqlite_version(*)[0m
  [1m[35m (1.0ms)[0m  [1m[35mCREATE TABLE "schema_migrations" ("version" varchar NOT NULL PRIMARY KEY)[0m
  [1m[35m (1.0ms)[0m  [1m[35mCREATE TABLE "ar_internal_metadata" ("key" varchar NOT NULL PRIMARY KEY, "value" varchar, "created_at" datetime(6) NOT NULL, "updated_at" datetime(6) NOT NULL)[0m
  [1m[35m (0.2ms)[0m  [1m[34mSELECT "schema_migrations"."version" FROM "schema_migrations" ORDER BY "schema_migrations"."version" ASC[0m
  
ActiveRecord::PendingMigrationError (

Migrations are pending. To resolve this issue, run:

        bin/rails db:migrate RAILS_ENV=development

You have 1 pending migration:

20210629120422_create_posts.rb


):
  
activerecord (6.1.4) lib/active_record/migration.rb:625:in `check_pending!'
activerecord (6.1.4) lib/active_record/migration.rb:590:in `block (2 levels) in call'
activesupport (6.1.4) lib/active_support/evented_file_update_checker.rb:59:in `execute'
activerecord (6.1.4) lib/active_record/migration.rb:595:in `block in call'
activerecord (6.1.4) lib/active_record/migration.rb:587:in `synchronize'
activerecord (6.1.4) lib/active_record/migration.rb:587:in `call'
actionpack (6.1.4) lib/action_dispatch/middleware/callbacks.rb:27:in `block in call'
activesupport (6.1.4) lib/active_support/callbacks.rb:98:in `run_callbacks'
actionpack (6.1.4) lib/action_dispatch/middleware/callbacks.rb:26:in `call'
actionpack (6.1.4) lib/action_dispatch/middleware/executor.rb:14:in `call'
actionpack (6.1.4) lib/action_dispatch/middleware/actionable_exceptions.rb:18:in `call'
actionpack (6.1.4) lib/action_dispatch/middleware/debug_exceptions.rb:29:in `call'
web-console (4.1.0) lib/web_console/middleware.rb:132:in `call_app'
web-console (4.1.0) lib/web_console/middleware.rb:28:in `block in call'
web-console (4.1.0) lib/web_console/middleware.rb:17:in `catch'
web-console (4.1.0) lib/web_console/middleware.rb:17:in `call'
actionpack (6.1.4) lib/action_dispatch/middleware/show_exceptions.rb:33:in `call'
railties (6.1.4) lib/rails/rack/logger.rb:37:in `call_app'
railties (6.1.4) lib/rails/rack/logger.rb:26:in `block in call'
activesupport (6.1.4) lib/active_support/tagged_logging.rb:99:in `block in tagged'
activesupport (6.1.4) lib/active_support/tagged_logging.rb:37:in `tagged'
activesupport (6.1.4) lib/active_support/tagged_logging.rb:99:in `tagged'
railties (6.1.4) lib/rails/rack/logger.rb:26:in `call'
sprockets-rails (3.2.2) lib/sprockets/rails/quiet_assets.rb:13:in `call'
actionpack (6.1.4) lib/action_dispatch/middleware/remote_ip.rb:81:in `call'
actionpack (6.1.4) lib/action_dispatch/middleware/request_id.rb:26:in `call'
rack (2.2.3) lib/rack/method_override.rb:24:in `call'
rack (2.2.3) lib/rack/runtime.rb:22:in `call'
activesupport (6.1.4) lib/active_support/cache/strategy/local_cache_middleware.rb:29:in `call'
actionpack (6.1.4) lib/action_dispatch/middleware/executor.rb:14:in `call'
actionpack (6.1.4) lib/action_dispatch/middleware/static.rb:24:in `call'
rack (2.2.3) lib/rack/sendfile.rb:110:in `call'
actionpack (6.1.4) lib/action_dispatch/middleware/host_authorization.rb:98:in `call'
rack-mini-profiler (2.3.2) lib/mini_profiler/profiler.rb:384:in `call'
webpacker (5.4.0) lib/webpacker/dev_server_proxy.rb:25:in `perform_request'
rack-proxy (0.7.0) lib/rack/proxy.rb:63:in `call'
railties (6.1.4) lib/rails/engine.rb:539:in `call'
puma (5.3.2) lib/puma/configuration.rb:249:in `call'
puma (5.3.2) lib/puma/request.rb:77:in `block in handle_request'
puma (5.3.2) lib/puma/thread_pool.rb:338:in `with_force_shutdown'
puma (5.3.2) lib/puma/request.rb:76:in `handle_request'
puma (5.3.2) lib/puma/server.rb:438:in `process_client'
puma (5.3.2) lib/puma/thread_pool.rb:145:in `block in spawn_thread'
Started GET "/posts" for ::1 at 2021-07-01 16:44:54 +0900
  [1m[35m (0.1ms)[0m  [1m[34mSELECT "schema_migrations"."version" FROM "schema_migrations" ORDER BY "schema_migrations"."version" ASC[0m
  [1m[35mCACHE  (0.0ms)[0m  [1m[34mSELECT "schema_migrations"."version" FROM "schema_migrations" ORDER BY "schema_migrations"."version" ASC[0m
  
ActiveRecord::PendingMigrationError (

Migrations are pending. To resolve this issue, run:

        bin/rails db:migrate RAILS_ENV=development

You have 1 pending migration:

20210629120422_create_posts.rb


):
  
activerecord (6.1.4) lib/active_record/migration.rb:625:in `check_pending!'
activerecord (6.1.4) lib/active_record/migration.rb:590:in `block (2 levels) in call'
activesupport (6.1.4) lib/active_support/evented_file_update_checker.rb:59:in `execute'
activerecord (6.1.4) lib/active_record/migration.rb:595:in `block in call'
activerecord (6.1.4) lib/active_record/migration.rb:587:in `synchronize'
activerecord (6.1.4) lib/active_record/migration.rb:587:in `call'
actionpack (6.1.4) lib/action_dispatch/middleware/callbacks.rb:27:in `block in call'
activesupport (6.1.4) lib/active_support/callbacks.rb:98:in `run_callbacks'
actionpack (6.1.4) lib/action_dispatch/middleware/callbacks.rb:26:in `call'
actionpack (6.1.4) lib/action_dispatch/middleware/executor.rb:14:in `call'
actionpack (6.1.4) lib/action_dispatch/middleware/actionable_exceptions.rb:18:in `call'
actionpack (6.1.4) lib/action_dispatch/middleware/debug_exceptions.rb:29:in `call'
web-console (4.1.0) lib/web_console/middleware.rb:132:in `call_app'
web-console (4.1.0) lib/web_console/middleware.rb:28:in `block in call'
web-console (4.1.0) lib/web_console/middleware.rb:17:in `catch'
web-console (4.1.0) lib/web_console/middleware.rb:17:in `call'
actionpack (6.1.4) lib/action_dispatch/middleware/show_exceptions.rb:33:in `call'
railties (6.1.4) lib/rails/rack/logger.rb:37:in `call_app'
railties (6.1.4) lib/rails/rack/logger.rb:26:in `block in call'
activesupport (6.1.4) lib/active_support/tagged_logging.rb:99:in `block in tagged'
activesupport (6.1.4) lib/active_support/tagged_logging.rb:37:in `tagged'
activesupport (6.1.4) lib/active_support/tagged_logging.rb:99:in `tagged'
railties (6.1.4) lib/rails/rack/logger.rb:26:in `call'
sprockets-rails (3.2.2) lib/sprockets/rails/quiet_assets.rb:13:in `call'
actionpack (6.1.4) lib/action_dispatch/middleware/remote_ip.rb:81:in `call'
actionpack (6.1.4) lib/action_dispatch/middleware/request_id.rb:26:in `call'
rack (2.2.3) lib/rack/method_override.rb:24:in `call'
rack (2.2.3) lib/rack/runtime.rb:22:in `call'
activesupport (6.1.4) lib/active_support/cache/strategy/local_cache_middleware.rb:29:in `call'
actionpack (6.1.4) lib/action_dispatch/middleware/executor.rb:14:in `call'
actionpack (6.1.4) lib/action_dispatch/middleware/static.rb:24:in `call'
rack (2.2.3) lib/rack/sendfile.rb:110:in `call'
actionpack (6.1.4) lib/action_dispatch/middleware/host_authorization.rb:98:in `call'
rack-mini-profiler (2.3.2) lib/mini_profiler/profiler.rb:384:in `call'
webpacker (5.4.0) lib/webpacker/dev_server_proxy.rb:25:in `perform_request'
rack-proxy (0.7.0) lib/rack/proxy.rb:63:in `call'
railties (6.1.4) lib/rails/engine.rb:539:in `call'
puma (5.3.2) lib/puma/configuration.rb:249:in `call'
puma (5.3.2) lib/puma/request.rb:77:in `block in handle_request'
puma (5.3.2) lib/puma/thread_pool.rb:338:in `with_force_shutdown'
puma (5.3.2) lib/puma/request.rb:76:in `handle_request'
puma (5.3.2) lib/puma/server.rb:438:in `process_client'
puma (5.3.2) lib/puma/thread_pool.rb:145:in `block in spawn_thread'
Started GET "/posts/index" for ::1 at 2021-07-01 17:22:55 +0900
  [1m[35m (1.9ms)[0m  [1m[34mSELECT sqlite_version(*)[0m
  [1m[35m (0.5ms)[0m  [1m[34mSELECT "schema_migrations"."version" FROM "schema_migrations" ORDER BY "schema_migrations"."version" ASC[0m
  [1m[35mCACHE  (0.0ms)[0m  [1m[34mSELECT "schema_migrations"."version" FROM "schema_migrations" ORDER BY "schema_migrations"."version" ASC[0m
  
ActiveRecord::PendingMigrationError (

Migrations are pending. To resolve this issue, run:

        bin/rails db:migrate RAILS_ENV=development

You have 1 pending migration:

20210629120422_create_posts.rb


):
  
activerecord (6.1.4) lib/active_record/migration.rb:625:in `check_pending!'
activerecord (6.1.4) lib/active_record/migration.rb:590:in `block (2 levels) in call'
activesupport (6.1.4) lib/active_support/evented_file_update_checker.rb:59:in `execute'
activerecord (6.1.4) lib/active_record/migration.rb:595:in `block in call'
activerecord (6.1.4) lib/active_record/migration.rb:587:in `synchronize'
activerecord (6.1.4) lib/active_record/migration.rb:587:in `call'
actionpack (6.1.4) lib/action_dispatch/middleware/callbacks.rb:27:in `block in call'
activesupport (6.1.4) lib/active_support/callbacks.rb:98:in `run_callbacks'
actionpack (6.1.4) lib/action_dispatch/middleware/callbacks.rb:26:in `call'
actionpack (6.1.4) lib/action_dispatch/middleware/executor.rb:14:in `call'
actionpack (6.1.4) lib/action_dispatch/middleware/actionable_exceptions.rb:18:in `call'
actionpack (6.1.4) lib/action_dispatch/middleware/debug_exceptions.rb:29:in `call'
web-console (4.1.0) lib/web_console/middleware.rb:132:in `call_app'
web-console (4.1.0) lib/web_console/middleware.rb:28:in `block in call'
web-console (4.1.0) lib/web_console/middleware.rb:17:in `catch'
web-console (4.1.0) lib/web_console/middleware.rb:17:in `call'
actionpack (6.1.4) lib/action_dispatch/middleware/show_exceptions.rb:33:in `call'
railties (6.1.4) lib/rails/rack/logger.rb:37:in `call_app'
railties (6.1.4) lib/rails/rack/logger.rb:26:in `block in call'
activesupport (6.1.4) lib/active_support/tagged_logging.rb:99:in `block in tagged'
activesupport (6.1.4) lib/active_support/tagged_logging.rb:37:in `tagged'
activesupport (6.1.4) lib/active_support/tagged_logging.rb:99:in `tagged'
railties (6.1.4) lib/rails/rack/logger.rb:26:in `call'
sprockets-rails (3.2.2) lib/sprockets/rails/quiet_assets.rb:13:in `call'
actionpack (6.1.4) lib/action_dispatch/middleware/remote_ip.rb:81:in `call'
actionpack (6.1.4) lib/action_dispatch/middleware/request_id.rb:26:in `call'
rack (2.2.3) lib/rack/method_override.rb:24:in `call'
rack (2.2.3) lib/rack/runtime.rb:22:in `call'
activesupport (6.1.4) lib/active_support/cache/strategy/local_cache_middleware.rb:29:in `call'
actionpack (6.1.4) lib/action_dispatch/middleware/executor.rb:14:in `call'
actionpack (6.1.4) lib/action_dispatch/middleware/static.rb:24:in `call'
rack (2.2.3) lib/rack/sendfile.rb:110:in `call'
actionpack (6.1.4) lib/action_dispatch/middleware/host_authorization.rb:98:in `call'
rack-mini-profiler (2.3.2) lib/mini_profiler/profiler.rb:384:in `call'
webpacker (5.4.0) lib/webpacker/dev_server_proxy.rb:25:in `perform_request'
rack-proxy (0.7.0) lib/rack/proxy.rb:63:in `call'
railties (6.1.4) lib/rails/engine.rb:539:in `call'
puma (5.3.2) lib/puma/configuration.rb:249:in `call'
puma (5.3.2) lib/puma/request.rb:77:in `block in handle_request'
puma (5.3.2) lib/puma/thread_pool.rb:338:in `with_force_shutdown'
puma (5.3.2) lib/puma/request.rb:76:in `handle_request'
puma (5.3.2) lib/puma/server.rb:438:in `process_client'
puma (5.3.2) lib/puma/thread_pool.rb:145:in `block in spawn_thread'
Started GET "/posts/index" for ::1 at 2021-07-01 17:23:47 +0900
  [1m[35m (0.1ms)[0m  [1m[34mSELECT sqlite_version(*)[0m
  [1m[35m (0.1ms)[0m  [1m[34mSELECT "schema_migrations"."version" FROM "schema_migrations" ORDER BY "schema_migrations"."version" ASC[0m
  [1m[35mCACHE  (0.0ms)[0m  [1m[34mSELECT "schema_migrations"."version" FROM "schema_migrations" ORDER BY "schema_migrations"."version" ASC[0m
  
ActiveRecord::PendingMigrationError (

Migrations are pending. To resolve this issue, run:

        bin/rails db:migrate RAILS_ENV=development

You have 1 pending migration:

20210629120422_create_posts.rb


):
  
activerecord (6.1.4) lib/active_record/migration.rb:625:in `check_pending!'
activerecord (6.1.4) lib/active_record/migration.rb:590:in `block (2 levels) in call'
activesupport (6.1.4) lib/active_support/evented_file_update_checker.rb:59:in `execute'
activerecord (6.1.4) lib/active_record/migration.rb:595:in `block in call'
activerecord (6.1.4) lib/active_record/migration.rb:587:in `synchronize'
activerecord (6.1.4) lib/active_record/migration.rb:587:in `call'
actionpack (6.1.4) lib/action_dispatch/middleware/callbacks.rb:27:in `block in call'
activesupport (6.1.4) lib/active_support/callbacks.rb:98:in `run_callbacks'
actionpack (6.1.4) lib/action_dispatch/middleware/callbacks.rb:26:in `call'
actionpack (6.1.4) lib/action_dispatch/middleware/executor.rb:14:in `call'
actionpack (6.1.4) lib/action_dispatch/middleware/actionable_exceptions.rb:18:in `call'
actionpack (6.1.4) lib/action_dispatch/middleware/debug_exceptions.rb:29:in `call'
web-console (4.1.0) lib/web_console/middleware.rb:132:in `call_app'
web-console (4.1.0) lib/web_console/middleware.rb:28:in `block in call'
web-console (4.1.0) lib/web_console/middleware.rb:17:in `catch'
web-console (4.1.0) lib/web_console/middleware.rb:17:in `call'
actionpack (6.1.4) lib/action_dispatch/middleware/show_exceptions.rb:33:in `call'
railties (6.1.4) lib/rails/rack/logger.rb:37:in `call_app'
railties (6.1.4) lib/rails/rack/logger.rb:26:in `block in call'
activesupport (6.1.4) lib/active_support/tagged_logging.rb:99:in `block in tagged'
activesupport (6.1.4) lib/active_support/tagged_logging.rb:37:in `tagged'
activesupport (6.1.4) lib/active_support/tagged_logging.rb:99:in `tagged'
railties (6.1.4) lib/rails/rack/logger.rb:26:in `call'
sprockets-rails (3.2.2) lib/sprockets/rails/quiet_assets.rb:13:in `call'
actionpack (6.1.4) lib/action_dispatch/middleware/remote_ip.rb:81:in `call'
actionpack (6.1.4) lib/action_dispatch/middleware/request_id.rb:26:in `call'
rack (2.2.3) lib/rack/method_override.rb:24:in `call'
rack (2.2.3) lib/rack/runtime.rb:22:in `call'
activesupport (6.1.4) lib/active_support/cache/strategy/local_cache_middleware.rb:29:in `call'
actionpack (6.1.4) lib/action_dispatch/middleware/executor.rb:14:in `call'
actionpack (6.1.4) lib/action_dispatch/middleware/static.rb:24:in `call'
rack (2.2.3) lib/rack/sendfile.rb:110:in `call'
actionpack (6.1.4) lib/action_dispatch/middleware/host_authorization.rb:98:in `call'
rack-mini-profiler (2.3.2) lib/mini_profiler/profiler.rb:384:in `call'
webpacker (5.4.0) lib/webpacker/dev_server_proxy.rb:25:in `perform_request'
rack-proxy (0.7.0) lib/rack/proxy.rb:63:in `call'
railties (6.1.4) lib/rails/engine.rb:539:in `call'
puma (5.3.2) lib/puma/configuration.rb:249:in `call'
puma (5.3.2) lib/puma/request.rb:77:in `block in handle_request'
puma (5.3.2) lib/puma/thread_pool.rb:338:in `with_force_shutdown'
puma (5.3.2) lib/puma/request.rb:76:in `handle_request'
puma (5.3.2) lib/puma/server.rb:438:in `process_client'
puma (5.3.2) lib/puma/thread_pool.rb:145:in `block in spawn_thread'
Started GET "/posts/index" for ::1 at 2021-07-01 17:23:51 +0900
  [1m[35m (0.1ms)[0m  [1m[34mSELECT "schema_migrations"."version" FROM "schema_migrations" ORDER BY "schema_migrations"."version" ASC[0m
  [1m[35mCACHE  (0.0ms)[0m  [1m[34mSELECT "schema_migrations"."version" FROM "schema_migrations" ORDER BY "schema_migrations"."version" ASC[0m
  
ActiveRecord::PendingMigrationError (

Migrations are pending. To resolve this issue, run:

        bin/rails db:migrate RAILS_ENV=development

You have 1 pending migration:

20210629120422_create_posts.rb


):
  
activerecord (6.1.4) lib/active_record/migration.rb:625:in `check_pending!'
activerecord (6.1.4) lib/active_record/migration.rb:590:in `block (2 levels) in call'
activesupport (6.1.4) lib/active_support/evented_file_update_checker.rb:59:in `execute'
activerecord (6.1.4) lib/active_record/migration.rb:595:in `block in call'
activerecord (6.1.4) lib/active_record/migration.rb:587:in `synchronize'
activerecord (6.1.4) lib/active_record/migration.rb:587:in `call'
actionpack (6.1.4) lib/action_dispatch/middleware/callbacks.rb:27:in `block in call'
activesupport (6.1.4) lib/active_support/callbacks.rb:98:in `run_callbacks'
actionpack (6.1.4) lib/action_dispatch/middleware/callbacks.rb:26:in `call'
actionpack (6.1.4) lib/action_dispatch/middleware/executor.rb:14:in `call'
actionpack (6.1.4) lib/action_dispatch/middleware/actionable_exceptions.rb:18:in `call'
actionpack (6.1.4) lib/action_dispatch/middleware/debug_exceptions.rb:29:in `call'
web-console (4.1.0) lib/web_console/middleware.rb:132:in `call_app'
web-console (4.1.0) lib/web_console/middleware.rb:28:in `block in call'
web-console (4.1.0) lib/web_console/middleware.rb:17:in `catch'
web-console (4.1.0) lib/web_console/middleware.rb:17:in `call'
actionpack (6.1.4) lib/action_dispatch/middleware/show_exceptions.rb:33:in `call'
railties (6.1.4) lib/rails/rack/logger.rb:37:in `call_app'
railties (6.1.4) lib/rails/rack/logger.rb:26:in `block in call'
activesupport (6.1.4) lib/active_support/tagged_logging.rb:99:in `block in tagged'
activesupport (6.1.4) lib/active_support/tagged_logging.rb:37:in `tagged'
activesupport (6.1.4) lib/active_support/tagged_logging.rb:99:in `tagged'
railties (6.1.4) lib/rails/rack/logger.rb:26:in `call'
sprockets-rails (3.2.2) lib/sprockets/rails/quiet_assets.rb:13:in `call'
actionpack (6.1.4) lib/action_dispatch/middleware/remote_ip.rb:81:in `call'
actionpack (6.1.4) lib/action_dispatch/middleware/request_id.rb:26:in `call'
rack (2.2.3) lib/rack/method_override.rb:24:in `call'
rack (2.2.3) lib/rack/runtime.rb:22:in `call'
activesupport (6.1.4) lib/active_support/cache/strategy/local_cache_middleware.rb:29:in `call'
actionpack (6.1.4) lib/action_dispatch/middleware/executor.rb:14:in `call'
actionpack (6.1.4) lib/action_dispatch/middleware/static.rb:24:in `call'
rack (2.2.3) lib/rack/sendfile.rb:110:in `call'
actionpack (6.1.4) lib/action_dispatch/middleware/host_authorization.rb:98:in `call'
rack-mini-profiler (2.3.2) lib/mini_profiler/profiler.rb:384:in `call'
webpacker (5.4.0) lib/webpacker/dev_server_proxy.rb:25:in `perform_request'
rack-proxy (0.7.0) lib/rack/proxy.rb:63:in `call'
railties (6.1.4) lib/rails/engine.rb:539:in `call'
puma (5.3.2) lib/puma/configuration.rb:249:in `call'
puma (5.3.2) lib/puma/request.rb:77:in `block in handle_request'
puma (5.3.2) lib/puma/thread_pool.rb:338:in `with_force_shutdown'
puma (5.3.2) lib/puma/request.rb:76:in `handle_request'
puma (5.3.2) lib/puma/server.rb:438:in `process_client'
puma (5.3.2) lib/puma/thread_pool.rb:145:in `block in spawn_thread'
Started GET "/posts/index" for ::1 at 2021-07-01 17:25:20 +0900
  [1m[35m (0.1ms)[0m  [1m[34mSELECT "schema_migrations"."version" FROM "schema_migrations" ORDER BY "schema_migrations"."version" ASC[0m
  [1m[35mCACHE  (0.0ms)[0m  [1m[34mSELECT "schema_migrations"."version" FROM "schema_migrations" ORDER BY "schema_migrations"."version" ASC[0m
  
ActiveRecord::PendingMigrationError (

Migrations are pending. To resolve this issue, run:

        bin/rails db:migrate RAILS_ENV=development

You have 1 pending migration:

20210629120422_create_posts.rb


):
  
activerecord (6.1.4) lib/active_record/migration.rb:625:in `check_pending!'
activerecord (6.1.4) lib/active_record/migration.rb:590:in `block (2 levels) in call'
activesupport (6.1.4) lib/active_support/evented_file_update_checker.rb:59:in `execute'
activerecord (6.1.4) lib/active_record/migration.rb:595:in `block in call'
activerecord (6.1.4) lib/active_record/migration.rb:587:in `synchronize'
activerecord (6.1.4) lib/active_record/migration.rb:587:in `call'
actionpack (6.1.4) lib/action_dispatch/middleware/callbacks.rb:27:in `block in call'
activesupport (6.1.4) lib/active_support/callbacks.rb:98:in `run_callbacks'
actionpack (6.1.4) lib/action_dispatch/middleware/callbacks.rb:26:in `call'
actionpack (6.1.4) lib/action_dispatch/middleware/executor.rb:14:in `call'
actionpack (6.1.4) lib/action_dispatch/middleware/actionable_exceptions.rb:18:in `call'
actionpack (6.1.4) lib/action_dispatch/middleware/debug_exceptions.rb:29:in `call'
web-console (4.1.0) lib/web_console/middleware.rb:132:in `call_app'
web-console (4.1.0) lib/web_console/middleware.rb:28:in `block in call'
web-console (4.1.0) lib/web_console/middleware.rb:17:in `catch'
web-console (4.1.0) lib/web_console/middleware.rb:17:in `call'
actionpack (6.1.4) lib/action_dispatch/middleware/show_exceptions.rb:33:in `call'
railties (6.1.4) lib/rails/rack/logger.rb:37:in `call_app'
railties (6.1.4) lib/rails/rack/logger.rb:26:in `block in call'
activesupport (6.1.4) lib/active_support/tagged_logging.rb:99:in `block in tagged'
activesupport (6.1.4) lib/active_support/tagged_logging.rb:37:in `tagged'
activesupport (6.1.4) lib/active_support/tagged_logging.rb:99:in `tagged'
railties (6.1.4) lib/rails/rack/logger.rb:26:in `call'
sprockets-rails (3.2.2) lib/sprockets/rails/quiet_assets.rb:13:in `call'
actionpack (6.1.4) lib/action_dispatch/middleware/remote_ip.rb:81:in `call'
actionpack (6.1.4) lib/action_dispatch/middleware/request_id.rb:26:in `call'
rack (2.2.3) lib/rack/method_override.rb:24:in `call'
rack (2.2.3) lib/rack/runtime.rb:22:in `call'
activesupport (6.1.4) lib/active_support/cache/strategy/local_cache_middleware.rb:29:in `call'
actionpack (6.1.4) lib/action_dispatch/middleware/executor.rb:14:in `call'
actionpack (6.1.4) lib/action_dispatch/middleware/static.rb:24:in `call'
rack (2.2.3) lib/rack/sendfile.rb:110:in `call'
actionpack (6.1.4) lib/action_dispatch/middleware/host_authorization.rb:98:in `call'
rack-mini-profiler (2.3.2) lib/mini_profiler/profiler.rb:384:in `call'
webpacker (5.4.0) lib/webpacker/dev_server_proxy.rb:25:in `perform_request'
rack-proxy (0.7.0) lib/rack/proxy.rb:63:in `call'
railties (6.1.4) lib/rails/engine.rb:539:in `call'
puma (5.3.2) lib/puma/configuration.rb:249:in `call'
puma (5.3.2) lib/puma/request.rb:77:in `block in handle_request'
puma (5.3.2) lib/puma/thread_pool.rb:338:in `with_force_shutdown'
puma (5.3.2) lib/puma/request.rb:76:in `handle_request'
puma (5.3.2) lib/puma/server.rb:438:in `process_client'
puma (5.3.2) lib/puma/thread_pool.rb:145:in `block in spawn_thread'
  [1m[35m (0.3ms)[0m  [1m[34mSELECT sqlite_version(*)[0m
  [1m[35m (0.1ms)[0m  [1m[34mSELECT "schema_migrations"."version" FROM "schema_migrations" ORDER BY "schema_migrations"."version" ASC[0m
  [1m[35m (0.1ms)[0m  [1m[34mSELECT "schema_migrations"."version" FROM "schema_migrations" ORDER BY "schema_migrations"."version" ASC[0m
  [1m[35m (0.1ms)[0m  [1m[34mSELECT sqlite_version(*)[0m
  [1m[35m (0.1ms)[0m  [1m[34mSELECT sqlite_version(*)[0m
  [1m[35m (0.1ms)[0m  [1m[34mSELECT sqlite_version(*)[0m
  [1m[35m (1.8ms)[0m  [1m[35mCREATE TABLE "schema_migrations" ("version" varchar NOT NULL PRIMARY KEY)[0m
  [1m[35m (1.2ms)[0m  [1m[35mCREATE TABLE "ar_internal_metadata" ("key" varchar NOT NULL PRIMARY KEY, "value" varchar, "created_at" datetime(6) NOT NULL, "updated_at" datetime(6) NOT NULL)[0m
  [1m[35m (0.2ms)[0m  [1m[34mSELECT "schema_migrations"."version" FROM "schema_migrations" ORDER BY "schema_migrations"."version" ASC[0m
Migrating to CreatePosts (20210629120422)
  [1m[36mTRANSACTION (0.1ms)[0m  [1m[36mbegin transaction[0m
  [1m[35m (0.4ms)[0m  [1m[35mCREATE TABLE "posts" ("id" integer PRIMARY KEY AUTOINCREMENT NOT NULL, "title" varchar, "start_date" date, "end_date" date, "all_day" boolean, "memo" text, "created_at" datetime(6) NOT NULL, "updated_at" datetime(6) NOT NULL)[0m
  [1m[36mActiveRecord::SchemaMigration Create (0.2ms)[0m  [1m[32mINSERT INTO "schema_migrations" ("version") VALUES (?)[0m  [["version", "20210629120422"]]
  [1m[36mTRANSACTION (0.8ms)[0m  [1m[36mcommit transaction[0m
  [1m[36mActiveRecord::InternalMetadata Load (0.2ms)[0m  [1m[34mSELECT "ar_internal_metadata".* FROM "ar_internal_metadata" WHERE "ar_internal_metadata"."key" = ? LIMIT ?[0m  [["key", "environment"], ["LIMIT", 1]]
  [1m[36mTRANSACTION (0.0ms)[0m  [1m[36mbegin transaction[0m
  [1m[36mActiveRecord::InternalMetadata Create (0.3ms)[0m  [1m[32mINSERT INTO "ar_internal_metadata" ("key", "value", "created_at", "updated_at") VALUES (?, ?, ?, ?)[0m  [["key", "environment"], ["value", "development"], ["created_at", "2021-07-01 08:26:06.463410"], ["updated_at", "2021-07-01 08:26:06.463410"]]
  [1m[36mTRANSACTION (0.7ms)[0m  [1m[36mcommit transaction[0m
  [1m[35m (0.1ms)[0m  [1m[34mSELECT sqlite_version(*)[0m
  [1m[35m (0.1ms)[0m  [1m[34mSELECT "schema_migrations"."version" FROM "schema_migrations" ORDER BY "schema_migrations"."version" ASC[0m
  [1m[35m (0.4ms)[0m  [1m[34mSELECT sqlite_version(*)[0m
  [1m[35m (0.1ms)[0m  [1m[34mSELECT "schema_migrations"."version" FROM "schema_migrations" ORDER BY "schema_migrations"."version" ASC[0m
  [1m[35m (0.1ms)[0m  [1m[34mSELECT "schema_migrations"."version" FROM "schema_migrations" ORDER BY "schema_migrations"."version" ASC[0m
  [1m[35m (0.1ms)[0m  [1m[34mSELECT "schema_migrations"."version" FROM "schema_migrations" ORDER BY "schema_migrations"."version" ASC[0m
  [1m[35m (0.2ms)[0m  [1m[34mSELECT "schema_migrations"."version" FROM "schema_migrations" ORDER BY "schema_migrations"."version" ASC[0m
Migrating to CreatePosts (20210629120422)
  [1m[36mTRANSACTION (0.1ms)[0m  [1m[36mbegin transaction[0m
  [1m[35m (0.6ms)[0m  [1m[35mDROP TABLE "posts"[0m
  [1m[36mActiveRecord::SchemaMigration Destroy (0.2ms)[0m  [1m[31mDELETE FROM "schema_migrations" WHERE "schema_migrations"."version" = ?[0m  [["version", "20210629120422"]]
  [1m[36mTRANSACTION (0.7ms)[0m  [1m[36mcommit transaction[0m
  [1m[35m (0.1ms)[0m  [1m[34mSELECT sqlite_version(*)[0m
  [1m[35m (0.1ms)[0m  [1m[34mSELECT "schema_migrations"."version" FROM "schema_migrations" ORDER BY "schema_migrations"."version" ASC[0m
  [1m[35m (0.5ms)[0m  [1m[34mSELECT sqlite_version(*)[0m
  [1m[35m (0.1ms)[0m  [1m[34mSELECT "schema_migrations"."version" FROM "schema_migrations" ORDER BY "schema_migrations"."version" ASC[0m
Migrating to CreatePosts (20210629120422)
  [1m[36mTRANSACTION (0.1ms)[0m  [1m[36mbegin transaction[0m
  [1m[35m (0.4ms)[0m  [1m[35mCREATE TABLE "posts" ("id" integer PRIMARY KEY AUTOINCREMENT NOT NULL, "title" varchar, "start_date" date, "end_date" date, "all_day" boolean, "memo" text, "created_at" datetime(6) NOT NULL, "updated_at" datetime(6) NOT NULL)[0m
  [1m[36mActiveRecord::SchemaMigration Create (0.3ms)[0m  [1m[32mINSERT INTO "schema_migrations" ("version") VALUES (?)[0m  [["version", "20210629120422"]]
  [1m[36mTRANSACTION (1.7ms)[0m  [1m[36mcommit transaction[0m
  [1m[36mActiveRecord::InternalMetadata Load (0.1ms)[0m  [1m[34mSELECT "ar_internal_metadata".* FROM "ar_internal_metadata" WHERE "ar_internal_metadata"."key" = ? LIMIT ?[0m  [["key", "environment"], ["LIMIT", 1]]
  [1m[35m (0.1ms)[0m  [1m[34mSELECT sqlite_version(*)[0m
  [1m[35m (0.1ms)[0m  [1m[34mSELECT "schema_migrations"."version" FROM "schema_migrations" ORDER BY "schema_migrations"."version" ASC[0m
Started GET "/posts/index" for ::1 at 2021-07-01 17:26:38 +0900
  [1m[35m (0.1ms)[0m  [1m[34mSELECT sqlite_version(*)[0m
  [1m[35m (0.2ms)[0m  [1m[34mSELECT "schema_migrations"."version" FROM "schema_migrations" ORDER BY "schema_migrations"."version" ASC[0m
  
ActionController::RoutingError (uninitialized constant PostsController):
  
Started GET "/posts/index" for ::1 at 2021-07-01 17:26:55 +0900
  
ActionController::RoutingError (uninitialized constant PostsController):
  
Started GET "/posts/index" for ::1 at 2021-07-01 17:31:02 +0900
Processing by PostsController#show as HTML
  Parameters: {"id"=>"index"}
Completed 500 Internal Server Error in 11ms (Allocations: 5527)


  
NameError (uninitialized constant PostsController::Schedule
Did you mean?  Schedule2):
  
app/controllers/posts_controller.rb:23:in `show'
Started GET "/posts/index" for ::1 at 2021-07-01 17:34:26 +0900
Processing by PostsController#show as HTML
  Parameters: {"id"=>"index"}
Completed 500 Internal Server Error in 3ms (Allocations: 4657)


  
NameError (uninitialized constant PostsController::Post):
  
app/controllers/posts_controller.rb:23:in `show'
Started GET "/posts/index" for ::1 at 2021-07-01 17:46:28 +0900
Processing by PostsController#show as HTML
  Parameters: {"id"=>"index"}
Completed 500 Internal Server Error in 10ms (Allocations: 4673)


  
NameError (uninitialized constant PostsController::Post):
  
app/controllers/posts_controller.rb:23:in `show'
Started GET "/posts/index" for ::1 at 2021-07-01 17:47:07 +0900
Processing by PostsController#show as HTML
  Parameters: {"id"=>"index"}
  Rendering layout layouts/application.html.erb
  Rendering posts/show.html.erb within layouts/application
  Rendered posts/show.html.erb within layouts/application (Duration: 2.0ms | Allocations: 1603)
  Rendered layout layouts/application.html.erb (Duration: 2.2ms | Allocations: 1683)
Completed 500 Internal Server Error in 7ms (Allocations: 5434)


  
ActionView::Template::Error (undefined method `title' for nil:NilClass):
     6:     <table> 
     7:     <tbody><tr>
     8:         <th>ã‚¿ã‚¤ãƒˆãƒ«</th>
     9:         <td><%= @post.title%></td>
    10:     </tr>
    11:     <tr>
    12:         <th>é–‹å§‹æ—¥</th>
  
app/views/posts/show.html.erb:9
Started GET "/posts/index" for ::1 at 2021-07-01 17:47:46 +0900
Processing by PostsController#show as HTML
  Parameters: {"id"=>"index"}
Completed 500 Internal Server Error in 3ms (Allocations: 4657)


  
NameError (uninitialized constant PostsController::Post):
  
app/controllers/posts_controller.rb:23:in `show'
  [1m[35m (1.2ms)[0m  [1m[34mSELECT sqlite_version(*)[0m
  [1m[35m (0.8ms)[0m  [1m[34mSELECT "schema_migrations"."version" FROM "schema_migrations" ORDER BY "schema_migrations"."version" ASC[0m
Started GET "/posts/index" for ::1 at 2021-07-01 17:56:49 +0900
Processing by PostsController#show as HTML
  Parameters: {"id"=>"index"}
Completed 500 Internal Server Error in 5ms (Allocations: 4657)


  
NameError (uninitialized constant PostsController::Post):
  
app/controllers/posts_controller.rb:23:in `show'
Started GET "/posts/index" for ::1 at 2021-07-01 18:03:31 +0900
Processing by PostsController#show as HTML
  Parameters: {"id"=>"index"}
Completed 500 Internal Server Error in 3ms (Allocations: 4659)


  
NameError (uninitialized constant PostsController::Posts):
  
app/controllers/posts_controller.rb:23:in `show'
Started GET "/posts/index" for ::1 at 2021-07-01 18:05:13 +0900
Processing by PostsController#show as HTML
  Parameters: {"id"=>"index"}
Completed 500 Internal Server Error in 3ms (Allocations: 4657)


  
NameError (uninitialized constant PostsController::Post):
  
app/controllers/posts_controller.rb:23:in `show'
Started GET "/posts/" for ::1 at 2021-07-01 18:05:20 +0900
Processing by PostsController#index as HTML
Completed 500 Internal Server Error in 3ms (Allocations: 4674)


  
NameError (uninitialized constant PostsController::Posts):
  
app/controllers/posts_controller.rb:4:in `index'
Started GET "/posts/" for ::1 at 2021-07-01 18:05:48 +0900
Processing by PostsController#index as HTML
Completed 500 Internal Server Error in 4ms (Allocations: 4657)


  
NameError (uninitialized constant PostsController::Post):
  
app/controllers/posts_controller.rb:4:in `index'
Started GET "/posts/" for ::1 at 2021-07-01 18:06:10 +0900
Processing by PostsController#index as HTML
Completed 500 Internal Server Error in 3ms (Allocations: 4680)


  
NameError (uninitialized constant PostsController::Posts):
  
app/controllers/posts_controller.rb:4:in `index'
Started GET "/post" for ::1 at 2021-07-01 18:06:17 +0900
  
ActionController::RoutingError (No route matches [GET] "/post"):
  
Started GET "/posts" for ::1 at 2021-07-01 18:06:43 +0900
Processing by PostsController#index as HTML
Completed 500 Internal Server Error in 4ms (Allocations: 4674)


  
NameError (uninitialized constant PostsController::Posts):
  
app/controllers/posts_controller.rb:4:in `index'
Started GET "/posts/index" for ::1 at 2021-07-01 18:06:50 +0900
Processing by PostsController#show as HTML
  Parameters: {"id"=>"index"}
Completed 500 Internal Server Error in 9ms (Allocations: 4672)


  
NameError (uninitialized constant PostsController::Post):
  
app/controllers/posts_controller.rb:23:in `show'
Started GET "/posts/" for ::1 at 2021-07-01 18:06:55 +0900
Processing by PostsController#index as HTML
Completed 500 Internal Server Error in 3ms (Allocations: 4674)


  
NameError (uninitialized constant PostsController::Posts):
  
app/controllers/posts_controller.rb:4:in `index'
Started GET "/post/" for ::1 at 2021-07-01 18:07:05 +0900
  
ActionController::RoutingError (No route matches [GET] "/post"):
  
Started GET "/posts/" for ::1 at 2021-07-01 18:07:13 +0900
Processing by PostsController#index as HTML
Completed 500 Internal Server Error in 3ms (Allocations: 4674)


  
NameError (uninitialized constant PostsController::Posts):
  
app/controllers/posts_controller.rb:4:in `index'
Started GET "/posts/" for ::1 at 2021-07-01 18:07:33 +0900
Processing by PostsController#index as HTML
Completed 500 Internal Server Error in 3ms (Allocations: 4657)


  
NameError (uninitialized constant PostsController::Post):
  
app/controllers/posts_controller.rb:4:in `index'
Started GET "/posts/" for ::1 at 2021-07-01 18:08:01 +0900
Processing by PostsController#index as HTML
Completed 500 Internal Server Error in 3ms (Allocations: 4680)


  
NameError (uninitialized constant PostsController::Posts):
  
app/controllers/posts_controller.rb:4:in `index'
Started GET "/posts/" for ::1 at 2021-07-01 18:10:32 +0900
Processing by PostsController#index as HTML
Completed 500 Internal Server Error in 2ms (Allocations: 4657)


  
NameError (uninitialized constant PostsController::Post):
  
app/controllers/posts_controller.rb:4:in `index'
Started GET "/posts/" for ::1 at 2021-07-01 18:12:11 +0900
Processing by PostsController#index as HTML
  [1m[35m (0.1ms)[0m  [1m[34mSELECT sqlite_version(*)[0m
  â†³ app/controllers/posts_controller.rb:5:in `index'
Completed 404 Not Found in 17ms (ActiveRecord: 0.7ms | Allocations: 4693)


  
ActiveRecord::RecordNotFound (Couldn't find Post without an ID):
  
app/controllers/posts_controller.rb:5:in `index'
Started GET "/posts/" for ::1 at 2021-07-01 18:13:59 +0900
Processing by PostsController#index as HTML
  Rendering layout layouts/application.html.erb
  Rendering posts/index.html.erb within layouts/application
  [1m[35m (0.1ms)[0m  [1m[34mSELECT sqlite_version(*)[0m
  â†³ app/views/posts/index.html.erb:25
  [1m[36mPost Load (0.6ms)[0m  [1m[34mSELECT "posts".* FROM "posts"[0m
  â†³ app/views/posts/index.html.erb:25
  [1m[35m (0.1ms)[0m  [1m[34mSELECT COUNT(*) FROM "posts"[0m
  â†³ app/views/posts/index.html.erb:54
  Rendered posts/index.html.erb within layouts/application (Duration: 8.5ms | Allocations: 3472)
[Webpacker] Everything's up-to-date. Nothing to do
  Rendered layout layouts/application.html.erb (Duration: 33.4ms | Allocations: 9601)
Completed 200 OK in 39ms (Views: 34.6ms | ActiveRecord: 1.2ms | Allocations: 13148)


Started GET "/posts/new" for ::1 at 2021-07-01 18:14:05 +0900
Processing by PostsController#new as HTML
Completed 500 Internal Server Error in 3ms (ActiveRecord: 0.0ms | Allocations: 2140)


  
NameError (uninitialized constant PostsController::Posts):
  
app/controllers/posts_controller.rb:9:in `new'
Started GET "/posts/new" for ::1 at 2021-07-01 18:14:39 +0900
Processing by PostsController#new as HTML
  [1m[35m (0.1ms)[0m  [1m[34mSELECT sqlite_version(*)[0m
  â†³ app/controllers/posts_controller.rb:9:in `new'
  Rendering layout layouts/application.html.erb
  Rendering posts/new.html.erb within layouts/application
  Rendered shared/_error.html.erb (Duration: 0.7ms | Allocations: 193)
  Rendered posts/new.html.erb within layouts/application (Duration: 11.3ms | Allocations: 2094)
[Webpacker] Everything's up-to-date. Nothing to do
  Rendered layout layouts/application.html.erb (Duration: 19.8ms | Allocations: 5673)
Completed 200 OK in 49ms (Views: 20.6ms | ActiveRecord: 1.1ms | Allocations: 12429)


Started GET "/posts" for ::1 at 2021-07-01 18:14:48 +0900
Processing by PostsController#index as HTML
  Rendering layout layouts/application.html.erb
  Rendering posts/index.html.erb within layouts/application
  [1m[36mPost Load (0.7ms)[0m  [1m[34mSELECT "posts".* FROM "posts"[0m
  â†³ app/views/posts/index.html.erb:25
  [1m[35m (0.2ms)[0m  [1m[34mSELECT COUNT(*) FROM "posts"[0m
  â†³ app/views/posts/index.html.erb:54
  Rendered posts/index.html.erb within layouts/application (Duration: 4.6ms | Allocations: 1418)
[Webpacker] Everything's up-to-date. Nothing to do
  Rendered layout layouts/application.html.erb (Duration: 9.8ms | Allocations: 5019)
Completed 200 OK in 11ms (Views: 9.3ms | ActiveRecord: 0.9ms | Allocations: 5461)


Started GET "/posts/new" for ::1 at 2021-07-01 18:14:50 +0900
Processing by PostsController#new as HTML
  Rendering layout layouts/application.html.erb
  Rendering posts/new.html.erb within layouts/application
  Rendered shared/_error.html.erb (Duration: 0.1ms | Allocations: 42)
  Rendered posts/new.html.erb within layouts/application (Duration: 1.6ms | Allocations: 721)
[Webpacker] Everything's up-to-date. Nothing to do
  Rendered layout layouts/application.html.erb (Duration: 8.5ms | Allocations: 4320)
Completed 200 OK in 10ms (Views: 9.1ms | ActiveRecord: 0.0ms | Allocations: 4751)


Started POST "/posts" for ::1 at 2021-07-01 18:14:55 +0900
Processing by PostsController#create as HTML
  Parameters: {"authenticity_token"=>"[FILTERED]", "post"=>{"title"=>"", "start_date"=>"", "end_date"=>"", "all_day"=>"0", "memo"=>""}, "commit"=>"ã‚¹ã‚±ã‚¸ãƒ¥ãƒ¼ãƒ«ã‚’æ–°è¦ç™»éŒ²ã™ã‚‹"}
Completed 400 Bad Request in 1ms (ActiveRecord: 0.0ms | Allocations: 666)


  
ActionController::ParameterMissing (param is missing or the value is empty: schedule):
  
app/controllers/posts_controller.rb:13:in `create'
Started POST "/posts" for ::1 at 2021-07-01 18:16:00 +0900
Processing by PostsController#create as HTML
  Parameters: {"authenticity_token"=>"[FILTERED]", "post"=>{"title"=>"", "start_date"=>"", "end_date"=>"", "all_day"=>"0", "memo"=>""}, "commit"=>"ã‚¹ã‚±ã‚¸ãƒ¥ãƒ¼ãƒ«ã‚’æ–°è¦ç™»éŒ²ã™ã‚‹"}
Completed 400 Bad Request in 1ms (Allocations: 844)


  
ActionController::ParameterMissing (param is missing or the value is empty: schedule):
  
app/controllers/posts_controller.rb:13:in `create'
Started GET "/posts" for ::1 at 2021-07-01 18:16:03 +0900
Processing by PostsController#index as HTML
  Rendering layout layouts/application.html.erb
  Rendering posts/index.html.erb within layouts/application
  [1m[35m (0.1ms)[0m  [1m[34mSELECT sqlite_version(*)[0m
  â†³ app/views/posts/index.html.erb:25
  [1m[36mPost Load (0.2ms)[0m  [1m[34mSELECT "posts".* FROM "posts"[0m
  â†³ app/views/posts/index.html.erb:25
  [1m[35m (0.2ms)[0m  [1m[34mSELECT COUNT(*) FROM "posts"[0m
  â†³ app/views/posts/index.html.erb:54
  Rendered posts/index.html.erb within layouts/application (Duration: 7.3ms | Allocations: 2924)
[Webpacker] Everything's up-to-date. Nothing to do
  Rendered layout layouts/application.html.erb (Duration: 11.9ms | Allocations: 6528)
Completed 200 OK in 14ms (Views: 12.9ms | ActiveRecord: 1.0ms | Allocations: 7125)


Started GET "/posts/new" for ::1 at 2021-07-01 18:16:06 +0900
Processing by PostsController#new as HTML
  Rendering layout layouts/application.html.erb
  Rendering posts/new.html.erb within layouts/application
  Rendered shared/_error.html.erb (Duration: 0.1ms | Allocations: 42)
  Rendered posts/new.html.erb within layouts/application (Duration: 1.8ms | Allocations: 783)
[Webpacker] Everything's up-to-date. Nothing to do
  Rendered layout layouts/application.html.erb (Duration: 7.1ms | Allocations: 4384)
Completed 200 OK in 30ms (Views: 7.7ms | ActiveRecord: 0.5ms | Allocations: 8521)


Started GET "/posts" for ::1 at 2021-07-01 18:16:15 +0900
Processing by PostsController#index as HTML
  Rendering layout layouts/application.html.erb
  Rendering posts/index.html.erb within layouts/application
  [1m[36mPost Load (0.2ms)[0m  [1m[34mSELECT "posts".* FROM "posts"[0m
  â†³ app/views/posts/index.html.erb:25
  [1m[35m (0.2ms)[0m  [1m[34mSELECT COUNT(*) FROM "posts"[0m
  â†³ app/views/posts/index.html.erb:54
  Rendered posts/index.html.erb within layouts/application (Duration: 6.3ms | Allocations: 1394)
[Webpacker] Everything's up-to-date. Nothing to do
  Rendered layout layouts/application.html.erb (Duration: 13.9ms | Allocations: 4994)
Completed 200 OK in 16ms (Views: 14.5ms | ActiveRecord: 0.4ms | Allocations: 5417)


Started GET "/posts/new" for ::1 at 2021-07-01 18:16:16 +0900
Processing by PostsController#new as HTML
  Rendering layout layouts/application.html.erb
  Rendering posts/new.html.erb within layouts/application
  Rendered shared/_error.html.erb (Duration: 0.1ms | Allocations: 42)
  Rendered posts/new.html.erb within layouts/application (Duration: 1.8ms | Allocations: 721)
[Webpacker] Everything's up-to-date. Nothing to do
  Rendered layout layouts/application.html.erb (Duration: 9.5ms | Allocations: 4320)
Completed 200 OK in 11ms (Views: 10.2ms | ActiveRecord: 0.0ms | Allocations: 4751)


Started POST "/posts" for ::1 at 2021-07-01 18:16:17 +0900
Processing by PostsController#create as HTML
  Parameters: {"authenticity_token"=>"[FILTERED]", "post"=>{"title"=>"", "start_date"=>"", "end_date"=>"", "all_day"=>"0", "memo"=>""}, "commit"=>"ã‚¹ã‚±ã‚¸ãƒ¥ãƒ¼ãƒ«ã‚’æ–°è¦ç™»éŒ²ã™ã‚‹"}
Completed 400 Bad Request in 1ms (ActiveRecord: 0.0ms | Allocations: 651)


  
ActionController::ParameterMissing (param is missing or the value is empty: schedule):
  
app/controllers/posts_controller.rb:13:in `create'
Started POST "/posts" for ::1 at 2021-07-01 18:16:48 +0900
Processing by PostsController#create as HTML
  Parameters: {"authenticity_token"=>"[FILTERED]", "post"=>{"title"=>"", "start_date"=>"", "end_date"=>"", "all_day"=>"0", "memo"=>""}, "commit"=>"ã‚¹ã‚±ã‚¸ãƒ¥ãƒ¼ãƒ«ã‚’æ–°è¦ç™»éŒ²ã™ã‚‹"}
Completed 400 Bad Request in 2ms (Allocations: 845)


  
ActionController::ParameterMissing (param is missing or the value is empty: schedule):
  
app/controllers/posts_controller.rb:13:in `create'
Started POST "/posts" for ::1 at 2021-07-01 18:17:10 +0900
Processing by PostsController#create as HTML
  Parameters: {"authenticity_token"=>"[FILTERED]", "post"=>{"title"=>"", "start_date"=>"", "end_date"=>"", "all_day"=>"0", "memo"=>""}, "commit"=>"ã‚¹ã‚±ã‚¸ãƒ¥ãƒ¼ãƒ«ã‚’æ–°è¦ç™»éŒ²ã™ã‚‹"}
  [1m[35m (0.1ms)[0m  [1m[34mSELECT sqlite_version(*)[0m
  â†³ app/controllers/posts_controller.rb:13:in `create'
  [1m[36mTRANSACTION (0.1ms)[0m  [1m[36mbegin transaction[0m
  â†³ app/controllers/posts_controller.rb:14:in `create'
  [1m[36mPost Create (1.4ms)[0m  [1m[32mINSERT INTO "posts" ("title", "all_day", "memo", "created_at", "updated_at") VALUES (?, ?, ?, ?, ?)[0m  [["title", ""], ["all_day", 0], ["memo", ""], ["created_at", "2021-07-01 09:17:10.778622"], ["updated_at", "2021-07-01 09:17:10.778622"]]
  â†³ app/controllers/posts_controller.rb:14:in `create'
  [1m[36mTRANSACTION (0.8ms)[0m  [1m[36mcommit transaction[0m
  â†³ app/controllers/posts_controller.rb:14:in `create'
Redirected to http://localhost:3000/posts
Completed 302 Found in 18ms (ActiveRecord: 3.4ms | Allocations: 7993)


Started GET "/posts" for ::1 at 2021-07-01 18:17:10 +0900
Processing by PostsController#index as HTML
  Rendering layout layouts/application.html.erb
  Rendering posts/index.html.erb within layouts/application
  [1m[36mPost Load (0.2ms)[0m  [1m[34mSELECT "posts".* FROM "posts"[0m
  â†³ app/views/posts/index.html.erb:25
  [1m[35m (0.1ms)[0m  [1m[34mSELECT COUNT(*) FROM "posts"[0m
  â†³ app/views/posts/index.html.erb:54
  Rendered posts/index.html.erb within layouts/application (Duration: 7.1ms | Allocations: 1931)
[Webpacker] Everything's up-to-date. Nothing to do
  Rendered layout layouts/application.html.erb (Duration: 16.4ms | Allocations: 5535)
Completed 200 OK in 18ms (Views: 16.9ms | ActiveRecord: 0.4ms | Allocations: 6105)


Started GET "/posts/1" for ::1 at 2021-07-01 18:17:29 +0900
Processing by PostsController#show as HTML
  Parameters: {"id"=>"1"}
  [1m[36mPost Load (0.2ms)[0m  [1m[34mSELECT "posts".* FROM "posts" WHERE "posts"."id" = ? LIMIT ?[0m  [["id", 1], ["LIMIT", 1]]
  â†³ app/controllers/posts_controller.rb:23:in `show'
  Rendering layout layouts/application.html.erb
  Rendering posts/show.html.erb within layouts/application
  Rendered posts/show.html.erb within layouts/application (Duration: 0.6ms | Allocations: 201)
[Webpacker] Everything's up-to-date. Nothing to do
  Rendered layout layouts/application.html.erb (Duration: 5.8ms | Allocations: 3801)
Completed 200 OK in 9ms (Views: 6.4ms | ActiveRecord: 0.2ms | Allocations: 4916)


Started GET "/posts" for ::1 at 2021-07-01 18:17:35 +0900
Processing by PostsController#index as HTML
  Rendering layout layouts/application.html.erb
  Rendering posts/index.html.erb within layouts/application
  [1m[36mPost Load (0.4ms)[0m  [1m[34mSELECT "posts".* FROM "posts"[0m
  â†³ app/views/posts/index.html.erb:25
  [1m[35m (0.3ms)[0m  [1m[34mSELECT COUNT(*) FROM "posts"[0m
  â†³ app/views/posts/index.html.erb:54
  Rendered posts/index.html.erb within layouts/application (Duration: 6.8ms | Allocations: 1570)
[Webpacker] Everything's up-to-date. Nothing to do
  Rendered layout layouts/application.html.erb (Duration: 14.8ms | Allocations: 5170)
Completed 200 OK in 16ms (Views: 14.8ms | ActiveRecord: 0.7ms | Allocations: 5593)


Started GET "/posts" for ::1 at 2021-07-01 18:19:50 +0900
Processing by PostsController#index as HTML
  Rendering layout layouts/application.html.erb
  Rendering posts/index.html.erb within layouts/application
  [1m[36mPost Load (0.5ms)[0m  [1m[34mSELECT "posts".* FROM "posts"[0m
  â†³ app/views/posts/index.html.erb:25
  [1m[35m (0.3ms)[0m  [1m[34mSELECT COUNT(*) FROM "posts"[0m
  â†³ app/views/posts/index.html.erb:54
  Rendered posts/index.html.erb within layouts/application (Duration: 14.2ms | Allocations: 1570)
[Webpacker] Everything's up-to-date. Nothing to do
  Rendered layout layouts/application.html.erb (Duration: 99.3ms | Allocations: 12659)
Completed 200 OK in 106ms (Views: 100.4ms | ActiveRecord: 0.7ms | Allocations: 13076)


Started GET "/posts" for ::1 at 2021-07-01 18:20:41 +0900
Processing by PostsController#index as HTML
  Rendering layout layouts/application.html.erb
  Rendering posts/index.html.erb within layouts/application
  [1m[36mPost Load (0.2ms)[0m  [1m[34mSELECT "posts".* FROM "posts"[0m
  â†³ app/views/posts/index.html.erb:25
  [1m[35m (0.2ms)[0m  [1m[34mSELECT COUNT(*) FROM "posts"[0m
  â†³ app/views/posts/index.html.erb:54
  Rendered posts/index.html.erb within layouts/application (Duration: 6.0ms | Allocations: 1570)
[Webpacker] Everything's up-to-date. Nothing to do
  Rendered layout layouts/application.html.erb (Duration: 37.7ms | Allocations: 13325)
Completed 200 OK in 39ms (Views: 38.0ms | ActiveRecord: 0.3ms | Allocations: 13742)


Started GET "/posts/new" for ::1 at 2021-07-01 18:20:47 +0900
Processing by PostsController#new as HTML
  Rendering layout layouts/application.html.erb
  Rendering posts/new.html.erb within layouts/application
  Rendered shared/_error.html.erb (Duration: 0.3ms | Allocations: 42)
  Rendered posts/new.html.erb within layouts/application (Duration: 4.2ms | Allocations: 723)
[Webpacker] Everything's up-to-date. Nothing to do
  Rendered layout layouts/application.html.erb (Duration: 10.2ms | Allocations: 4342)
Completed 200 OK in 13ms (Views: 10.9ms | ActiveRecord: 0.0ms | Allocations: 4773)


Started POST "/posts" for ::1 at 2021-07-01 18:20:55 +0900
Processing by PostsController#create as HTML
  Parameters: {"authenticity_token"=>"[FILTERED]", "post"=>{"title"=>"", "start_date"=>"", "end_date"=>"", "all_day"=>"1", "memo"=>""}, "commit"=>"ã‚¹ã‚±ã‚¸ãƒ¥ãƒ¼ãƒ«ã‚’æ–°è¦ç™»éŒ²ã™ã‚‹"}
  [1m[36mTRANSACTION (0.1ms)[0m  [1m[36mbegin transaction[0m
  â†³ app/controllers/posts_controller.rb:14:in `create'
  [1m[36mPost Create (0.5ms)[0m  [1m[32mINSERT INTO "posts" ("title", "all_day", "memo", "created_at", "updated_at") VALUES (?, ?, ?, ?, ?)[0m  [["title", ""], ["all_day", 1], ["memo", ""], ["created_at", "2021-07-01 09:20:55.905856"], ["updated_at", "2021-07-01 09:20:55.905856"]]
  â†³ app/controllers/posts_controller.rb:14:in `create'
  [1m[36mTRANSACTION (1.8ms)[0m  [1m[36mcommit transaction[0m
  â†³ app/controllers/posts_controller.rb:14:in `create'
Redirected to http://localhost:3000/posts
Completed 302 Found in 13ms (ActiveRecord: 2.4ms | Allocations: 2438)


Started GET "/posts" for ::1 at 2021-07-01 18:20:55 +0900
Processing by PostsController#index as HTML
  Rendering layout layouts/application.html.erb
  Rendering posts/index.html.erb within layouts/application
  [1m[36mPost Load (0.2ms)[0m  [1m[34mSELECT "posts".* FROM "posts"[0m
  â†³ app/views/posts/index.html.erb:25
  [1m[35m (0.1ms)[0m  [1m[34mSELECT COUNT(*) FROM "posts"[0m
  â†³ app/views/posts/index.html.erb:54
  Rendered posts/index.html.erb within layouts/application (Duration: 4.4ms | Allocations: 1752)
[Webpacker] Everything's up-to-date. Nothing to do
  Rendered layout layouts/application.html.erb (Duration: 10.9ms | Allocations: 5372)
Completed 200 OK in 12ms (Views: 11.1ms | ActiveRecord: 0.3ms | Allocations: 5797)


Started DELETE "/posts/1" for ::1 at 2021-07-01 18:20:59 +0900
Processing by PostsController#destroy as HTML
  Parameters: {"authenticity_token"=>"[FILTERED]", "id"=>"1"}
  [1m[36mPost Load (0.1ms)[0m  [1m[34mSELECT "posts".* FROM "posts" WHERE "posts"."id" = ? LIMIT ?[0m  [["id", 1], ["LIMIT", 1]]
  â†³ app/controllers/posts_controller.rb:41:in `destroy'
  [1m[36mTRANSACTION (0.1ms)[0m  [1m[36mbegin transaction[0m
  â†³ app/controllers/posts_controller.rb:42:in `destroy'
  [1m[36mPost Destroy (0.4ms)[0m  [1m[31mDELETE FROM "posts" WHERE "posts"."id" = ?[0m  [["id", 1]]
  â†³ app/controllers/posts_controller.rb:42:in `destroy'
  [1m[36mTRANSACTION (1.2ms)[0m  [1m[36mcommit transaction[0m
  â†³ app/controllers/posts_controller.rb:42:in `destroy'
Redirected to http://localhost:3000/posts
Completed 302 Found in 9ms (ActiveRecord: 1.8ms | Allocations: 2649)


Started GET "/posts" for ::1 at 2021-07-01 18:20:59 +0900
Processing by PostsController#index as HTML
  Rendering layout layouts/application.html.erb
  Rendering posts/index.html.erb within layouts/application
  [1m[36mPost Load (0.1ms)[0m  [1m[34mSELECT "posts".* FROM "posts"[0m
  â†³ app/views/posts/index.html.erb:25
  [1m[35m (0.1ms)[0m  [1m[34mSELECT COUNT(*) FROM "posts"[0m
  â†³ app/views/posts/index.html.erb:54
  Rendered posts/index.html.erb within layouts/application (Duration: 3.6ms | Allocations: 1575)
[Webpacker] Everything's up-to-date. Nothing to do
  Rendered layout layouts/application.html.erb (Duration: 8.1ms | Allocations: 5196)
Completed 200 OK in 9ms (Views: 8.2ms | ActiveRecord: 0.3ms | Allocations: 5622)


Started GET "/posts/2/edit" for ::1 at 2021-07-01 18:21:01 +0900
Processing by PostsController#edit as HTML
  Parameters: {"id"=>"2"}
  [1m[36mPost Load (0.2ms)[0m  [1m[34mSELECT "posts".* FROM "posts" WHERE "posts"."id" = ? LIMIT ?[0m  [["id", 2], ["LIMIT", 1]]
  â†³ app/controllers/posts_controller.rb:27:in `edit'
  Rendering layout layouts/application.html.erb
  Rendering posts/edit.html.erb within layouts/application
  Rendered posts/edit.html.erb within layouts/application (Duration: 4.1ms | Allocations: 1009)
[Webpacker] Everything's up-to-date. Nothing to do
  Rendered layout layouts/application.html.erb (Duration: 11.9ms | Allocations: 5127)
Completed 200 OK in 16ms (Views: 12.7ms | ActiveRecord: 0.2ms | Allocations: 6227)


Started PATCH "/posts/2" for ::1 at 2021-07-01 18:21:22 +0900
Processing by PostsController#update as HTML
  Parameters: {"authenticity_token"=>"[FILTERED]", "post"=>{"title"=>"è‹±èªž", "start_date"=>"2021-07-02", "end_date"=>"2021-07-02", "all_day"=>"1", "memo"=>"ã‚¹ãƒ¯ãƒ’ãƒª"}, "commit"=>"ã‚¹ã‚±ã‚¸ãƒ¥ãƒ¼ãƒ«ã®ç·¨é›†ã‚’å®Œäº†ã™ã‚‹", "id"=>"2"}
  [1m[36mPost Load (0.2ms)[0m  [1m[34mSELECT "posts".* FROM "posts" WHERE "posts"."id" = ? LIMIT ?[0m  [["id", 2], ["LIMIT", 1]]
  â†³ app/controllers/posts_controller.rb:31:in `update'
  [1m[36mTRANSACTION (0.1ms)[0m  [1m[36mbegin transaction[0m
  â†³ app/controllers/posts_controller.rb:32:in `update'
  [1m[36mPost Update (0.6ms)[0m  [1m[33mUPDATE "posts" SET "title" = ?, "start_date" = ?, "end_date" = ?, "memo" = ?, "updated_at" = ? WHERE "posts"."id" = ?[0m  [["title", "è‹±èªž"], ["start_date", "2021-07-02"], ["end_date", "2021-07-02"], ["memo", "ã‚¹ãƒ¯ãƒ’ãƒª"], ["updated_at", "2021-07-01 09:21:22.070631"], ["id", 2]]
  â†³ app/controllers/posts_controller.rb:32:in `update'
  [1m[36mTRANSACTION (0.9ms)[0m  [1m[36mcommit transaction[0m
  â†³ app/controllers/posts_controller.rb:32:in `update'
Redirected to http://localhost:3000/posts
Completed 302 Found in 12ms (ActiveRecord: 1.8ms | Allocations: 3158)


Started GET "/posts" for ::1 at 2021-07-01 18:21:22 +0900
Processing by PostsController#index as HTML
  Rendering layout layouts/application.html.erb
  Rendering posts/index.html.erb within layouts/application
  [1m[36mPost Load (0.2ms)[0m  [1m[34mSELECT "posts".* FROM "posts"[0m
  â†³ app/views/posts/index.html.erb:25
  [1m[35m (0.2ms)[0m  [1m[34mSELECT COUNT(*) FROM "posts"[0m
  â†³ app/views/posts/index.html.erb:54
  Rendered posts/index.html.erb within layouts/application (Duration: 4.4ms | Allocations: 1598)
[Webpacker] Everything's up-to-date. Nothing to do
  Rendered layout layouts/application.html.erb (Duration: 9.3ms | Allocations: 5218)
Completed 200 OK in 10ms (Views: 9.4ms | ActiveRecord: 0.3ms | Allocations: 5644)


Started GET "/posts/2" for ::1 at 2021-07-01 18:21:26 +0900
Processing by PostsController#show as HTML
  Parameters: {"id"=>"2"}
  [1m[36mPost Load (0.2ms)[0m  [1m[34mSELECT "posts".* FROM "posts" WHERE "posts"."id" = ? LIMIT ?[0m  [["id", 2], ["LIMIT", 1]]
  â†³ app/controllers/posts_controller.rb:23:in `show'
  Rendering layout layouts/application.html.erb
  Rendering posts/show.html.erb within layouts/application
  Rendered posts/show.html.erb within layouts/application (Duration: 0.8ms | Allocations: 207)
[Webpacker] Everything's up-to-date. Nothing to do
  Rendered layout layouts/application.html.erb (Duration: 7.5ms | Allocations: 3827)
Completed 200 OK in 11ms (Views: 8.1ms | ActiveRecord: 0.2ms | Allocations: 4800)


Started GET "/posts" for ::1 at 2021-07-01 18:21:34 +0900
Processing by PostsController#index as HTML
  Rendering layout layouts/application.html.erb
  Rendering posts/index.html.erb within layouts/application
  [1m[36mPost Load (0.2ms)[0m  [1m[34mSELECT "posts".* FROM "posts"[0m
  â†³ app/views/posts/index.html.erb:25
  [1m[35m (0.3ms)[0m  [1m[34mSELECT COUNT(*) FROM "posts"[0m
  â†³ app/views/posts/index.html.erb:54
  Rendered posts/index.html.erb within layouts/application (Duration: 5.9ms | Allocations: 1590)
[Webpacker] Everything's up-to-date. Nothing to do
  Rendered layout layouts/application.html.erb (Duration: 11.9ms | Allocations: 5210)
Completed 200 OK in 13ms (Views: 12.1ms | ActiveRecord: 0.4ms | Allocations: 5633)


Started GET "/posts/new" for ::1 at 2021-07-01 18:21:36 +0900
Processing by PostsController#new as HTML
  Rendering layout layouts/application.html.erb
  Rendering posts/new.html.erb within layouts/application
  Rendered shared/_error.html.erb (Duration: 0.1ms | Allocations: 42)
  Rendered posts/new.html.erb within layouts/application (Duration: 3.4ms | Allocations: 721)
[Webpacker] Everything's up-to-date. Nothing to do
  Rendered layout layouts/application.html.erb (Duration: 10.3ms | Allocations: 4340)
Completed 200 OK in 12ms (Views: 10.9ms | ActiveRecord: 0.0ms | Allocations: 4771)


Started GET "/posts" for ::1 at 2021-07-01 18:21:39 +0900
Processing by PostsController#index as HTML
  Rendering layout layouts/application.html.erb
  Rendering posts/index.html.erb within layouts/application
  [1m[36mPost Load (0.2ms)[0m  [1m[34mSELECT "posts".* FROM "posts"[0m
  â†³ app/views/posts/index.html.erb:25
  [1m[35m (0.2ms)[0m  [1m[34mSELECT COUNT(*) FROM "posts"[0m
  â†³ app/views/posts/index.html.erb:54
  Rendered posts/index.html.erb within layouts/application (Duration: 5.9ms | Allocations: 1590)
[Webpacker] Everything's up-to-date. Nothing to do
  Rendered layout layouts/application.html.erb (Duration: 12.6ms | Allocations: 5210)
Completed 200 OK in 14ms (Views: 12.8ms | ActiveRecord: 0.4ms | Allocations: 5633)


Started GET "/posts/new" for ::1 at 2021-07-01 18:21:41 +0900
Processing by PostsController#new as HTML
  Rendering layout layouts/application.html.erb
  Rendering posts/new.html.erb within layouts/application
  Rendered shared/_error.html.erb (Duration: 0.1ms | Allocations: 42)
  Rendered posts/new.html.erb within layouts/application (Duration: 2.1ms | Allocations: 721)
[Webpacker] Everything's up-to-date. Nothing to do
  Rendered layout layouts/application.html.erb (Duration: 12.3ms | Allocations: 4340)
Completed 200 OK in 14ms (Views: 13.0ms | ActiveRecord: 0.0ms | Allocations: 4771)


Started GET "/posts" for ::1 at 2021-07-01 18:21:53 +0900
Processing by PostsController#index as HTML
  Rendering layout layouts/application.html.erb
  Rendering posts/index.html.erb within layouts/application
  [1m[36mPost Load (0.2ms)[0m  [1m[34mSELECT "posts".* FROM "posts"[0m
  â†³ app/views/posts/index.html.erb:25
  [1m[35m (0.3ms)[0m  [1m[34mSELECT COUNT(*) FROM "posts"[0m
  â†³ app/views/posts/index.html.erb:54
  Rendered posts/index.html.erb within layouts/application (Duration: 6.6ms | Allocations: 1590)
[Webpacker] Everything's up-to-date. Nothing to do
  Rendered layout layouts/application.html.erb (Duration: 13.9ms | Allocations: 5210)
Completed 200 OK in 15ms (Views: 14.2ms | ActiveRecord: 0.4ms | Allocations: 5633)


Started GET "/posts/2" for ::1 at 2021-07-01 18:21:58 +0900
Processing by PostsController#show as HTML
  Parameters: {"id"=>"2"}
  [1m[36mPost Load (0.2ms)[0m  [1m[34mSELECT "posts".* FROM "posts" WHERE "posts"."id" = ? LIMIT ?[0m  [["id", 2], ["LIMIT", 1]]
  â†³ app/controllers/posts_controller.rb:23:in `show'
  Rendering layout layouts/application.html.erb
  Rendering posts/show.html.erb within layouts/application
  Rendered posts/show.html.erb within layouts/application (Duration: 0.7ms | Allocations: 207)
[Webpacker] Everything's up-to-date. Nothing to do
  Rendered layout layouts/application.html.erb (Duration: 9.2ms | Allocations: 3827)
Completed 200 OK in 13ms (Views: 10.0ms | ActiveRecord: 0.2ms | Allocations: 4799)


Started GET "/posts" for ::1 at 2021-07-01 18:22:01 +0900
Processing by PostsController#index as HTML
  Rendering layout layouts/application.html.erb
  Rendering posts/index.html.erb within layouts/application
  [1m[36mPost Load (0.2ms)[0m  [1m[34mSELECT "posts".* FROM "posts"[0m
  â†³ app/views/posts/index.html.erb:25
  [1m[35m (0.2ms)[0m  [1m[34mSELECT COUNT(*) FROM "posts"[0m
  â†³ app/views/posts/index.html.erb:54
  Rendered posts/index.html.erb within layouts/application (Duration: 6.4ms | Allocations: 1590)
[Webpacker] Everything's up-to-date. Nothing to do
  Rendered layout layouts/application.html.erb (Duration: 12.0ms | Allocations: 5211)
Completed 200 OK in 13ms (Views: 12.2ms | ActiveRecord: 0.5ms | Allocations: 5635)


Started GET "/posts/2" for ::1 at 2021-07-01 18:22:06 +0900
Processing by PostsController#show as HTML
  Parameters: {"id"=>"2"}
  [1m[36mPost Load (0.2ms)[0m  [1m[34mSELECT "posts".* FROM "posts" WHERE "posts"."id" = ? LIMIT ?[0m  [["id", 2], ["LIMIT", 1]]
  â†³ app/controllers/posts_controller.rb:23:in `show'
  Rendering layout layouts/application.html.erb
  Rendering posts/show.html.erb within layouts/application
  Rendered posts/show.html.erb within layouts/application (Duration: 1.0ms | Allocations: 207)
[Webpacker] Everything's up-to-date. Nothing to do
  Rendered layout layouts/application.html.erb (Duration: 9.8ms | Allocations: 3827)
Completed 200 OK in 15ms (Views: 11.1ms | ActiveRecord: 0.2ms | Allocations: 4799)


Started GET "/posts" for ::1 at 2021-07-01 18:22:15 +0900
Processing by PostsController#index as HTML
  Rendering layout layouts/application.html.erb
  Rendering posts/index.html.erb within layouts/application
  [1m[36mPost Load (0.2ms)[0m  [1m[34mSELECT "posts".* FROM "posts"[0m
  â†³ app/views/posts/index.html.erb:25
  [1m[35m (0.2ms)[0m  [1m[34mSELECT COUNT(*) FROM "posts"[0m
  â†³ app/views/posts/index.html.erb:54
  Rendered posts/index.html.erb within layouts/application (Duration: 6.1ms | Allocations: 1590)
[Webpacker] Everything's up-to-date. Nothing to do
  Rendered layout layouts/application.html.erb (Duration: 12.8ms | Allocations: 5210)
Completed 200 OK in 14ms (Views: 13.0ms | ActiveRecord: 0.4ms | Allocations: 5633)


Started GET "/posts/new" for ::1 at 2021-07-01 18:22:18 +0900
Processing by PostsController#new as HTML
  Rendering layout layouts/application.html.erb
  Rendering posts/new.html.erb within layouts/application
  Rendered shared/_error.html.erb (Duration: 0.1ms | Allocations: 42)
  Rendered posts/new.html.erb within layouts/application (Duration: 3.0ms | Allocations: 721)
[Webpacker] Everything's up-to-date. Nothing to do
  Rendered layout layouts/application.html.erb (Duration: 12.3ms | Allocations: 4340)
Completed 200 OK in 14ms (Views: 13.2ms | ActiveRecord: 0.0ms | Allocations: 4771)


Started POST "/posts" for ::1 at 2021-07-01 18:22:20 +0900
Processing by PostsController#create as HTML
  Parameters: {"authenticity_token"=>"[FILTERED]", "post"=>{"title"=>"", "start_date"=>"", "end_date"=>"", "all_day"=>"0", "memo"=>""}, "commit"=>"ã‚¹ã‚±ã‚¸ãƒ¥ãƒ¼ãƒ«ã‚’æ–°è¦ç™»éŒ²ã™ã‚‹"}
  [1m[36mTRANSACTION (0.1ms)[0m  [1m[36mbegin transaction[0m
  â†³ app/controllers/posts_controller.rb:14:in `create'
  [1m[36mPost Create (0.7ms)[0m  [1m[32mINSERT INTO "posts" ("title", "all_day", "memo", "created_at", "updated_at") VALUES (?, ?, ?, ?, ?)[0m  [["title", ""], ["all_day", 0], ["memo", ""], ["created_at", "2021-07-01 09:22:20.469368"], ["updated_at", "2021-07-01 09:22:20.469368"]]
  â†³ app/controllers/posts_controller.rb:14:in `create'
  [1m[36mTRANSACTION (0.8ms)[0m  [1m[36mcommit transaction[0m
  â†³ app/controllers/posts_controller.rb:14:in `create'
Redirected to http://localhost:3000/posts
Completed 302 Found in 7ms (ActiveRecord: 1.6ms | Allocations: 2434)


Started GET "/posts" for ::1 at 2021-07-01 18:22:20 +0900
Processing by PostsController#index as HTML
  Rendering layout layouts/application.html.erb
  Rendering posts/index.html.erb within layouts/application
  [1m[36mPost Load (0.1ms)[0m  [1m[34mSELECT "posts".* FROM "posts"[0m
  â†³ app/views/posts/index.html.erb:25
  [1m[35m (0.1ms)[0m  [1m[34mSELECT COUNT(*) FROM "posts"[0m
  â†³ app/views/posts/index.html.erb:54
  Rendered posts/index.html.erb within layouts/application (Duration: 3.2ms | Allocations: 1772)
[Webpacker] Everything's up-to-date. Nothing to do
  Rendered layout layouts/application.html.erb (Duration: 8.2ms | Allocations: 5392)
Completed 200 OK in 9ms (Views: 8.3ms | ActiveRecord: 0.3ms | Allocations: 5818)


Started GET "/posts" for ::1 at 2021-07-01 18:23:50 +0900
Processing by PostsController#index as HTML
Completed 500 Internal Server Error in 14ms (Allocations: 4790)


  
NoMethodError (undefined method `ã€€validates' for Post (call 'Post.connection' to establish a connection):Class
Did you mean?  validates
               validates!
               validate
               validators
               _validators):
  
app/models/post.rb:2:in `<class:Post>'
app/models/post.rb:1:in `<main>'
app/controllers/posts_controller.rb:4:in `index'
Started GET "/posts" for ::1 at 2021-07-01 18:24:32 +0900
Processing by PostsController#index as HTML
  Rendering layout layouts/application.html.erb
  Rendering posts/index.html.erb within layouts/application
  [1m[35m (0.1ms)[0m  [1m[34mSELECT sqlite_version(*)[0m
  â†³ app/views/posts/index.html.erb:25
  [1m[36mPost Load (0.8ms)[0m  [1m[34mSELECT "posts".* FROM "posts"[0m
  â†³ app/views/posts/index.html.erb:25
  [1m[35m (0.2ms)[0m  [1m[34mSELECT COUNT(*) FROM "posts"[0m
  â†³ app/views/posts/index.html.erb:54
  Rendered posts/index.html.erb within layouts/application (Duration: 14.0ms | Allocations: 7033)
[Webpacker] Everything's up-to-date. Nothing to do
  Rendered layout layouts/application.html.erb (Duration: 23.0ms | Allocations: 10636)
Completed 200 OK in 27ms (Views: 23.8ms | ActiveRecord: 1.9ms | Allocations: 11758)


Started GET "/posts/new" for ::1 at 2021-07-01 18:24:35 +0900
Processing by PostsController#new as HTML
  Rendering layout layouts/application.html.erb
  Rendering posts/new.html.erb within layouts/application
  Rendered shared/_error.html.erb (Duration: 0.1ms | Allocations: 42)
  Rendered posts/new.html.erb within layouts/application (Duration: 1.7ms | Allocations: 725)
[Webpacker] Everything's up-to-date. Nothing to do
  Rendered layout layouts/application.html.erb (Duration: 7.9ms | Allocations: 4344)
Completed 200 OK in 9ms (Views: 8.7ms | ActiveRecord: 0.0ms | Allocations: 4775)


Started POST "/posts" for ::1 at 2021-07-01 18:24:37 +0900
Processing by PostsController#create as HTML
  Parameters: {"authenticity_token"=>"[FILTERED]", "post"=>{"title"=>"", "start_date"=>"", "end_date"=>"", "all_day"=>"0", "memo"=>""}, "commit"=>"ã‚¹ã‚±ã‚¸ãƒ¥ãƒ¼ãƒ«ã‚’æ–°è¦ç™»éŒ²ã™ã‚‹"}
Completed 500 Internal Server Error in 11ms (ActiveRecord: 0.0ms | Allocations: 3379)


  
NoMethodError (undefined method `schedule_memo' for #<Post:0x00007f8c8fdfcaf0>):
  
app/controllers/posts_controller.rb:14:in `create'
Started POST "/posts" for ::1 at 2021-07-01 18:26:40 +0900
Processing by PostsController#create as HTML
  Parameters: {"authenticity_token"=>"[FILTERED]", "post"=>{"title"=>"", "start_date"=>"", "end_date"=>"", "all_day"=>"0", "memo"=>""}, "commit"=>"ã‚¹ã‚±ã‚¸ãƒ¥ãƒ¼ãƒ«ã‚’æ–°è¦ç™»éŒ²ã™ã‚‹"}
  [1m[35m (0.1ms)[0m  [1m[34mSELECT sqlite_version(*)[0m
  â†³ app/controllers/posts_controller.rb:13:in `create'
  [1m[36mTRANSACTION (0.1ms)[0m  [1m[36mbegin transaction[0m
  â†³ app/controllers/posts_controller.rb:14:in `create'
  [1m[36mPost Create (1.1ms)[0m  [1m[32mINSERT INTO "posts" ("title", "all_day", "memo", "created_at", "updated_at") VALUES (?, ?, ?, ?, ?)[0m  [["title", ""], ["all_day", 0], ["memo", ""], ["created_at", "2021-07-01 09:26:40.770626"], ["updated_at", "2021-07-01 09:26:40.770626"]]
  â†³ app/controllers/posts_controller.rb:14:in `create'
  [1m[36mTRANSACTION (0.9ms)[0m  [1m[36mcommit transaction[0m
  â†³ app/controllers/posts_controller.rb:14:in `create'
Redirected to http://localhost:3000/posts
Completed 302 Found in 17ms (ActiveRecord: 2.9ms | Allocations: 7840)


Started GET "/posts" for ::1 at 2021-07-01 18:26:40 +0900
Processing by PostsController#index as HTML
  Rendering layout layouts/application.html.erb
  Rendering posts/index.html.erb within layouts/application
  [1m[36mPost Load (0.3ms)[0m  [1m[34mSELECT "posts".* FROM "posts"[0m
  â†³ app/views/posts/index.html.erb:25
  [1m[35m (0.2ms)[0m  [1m[34mSELECT COUNT(*) FROM "posts"[0m
  â†³ app/views/posts/index.html.erb:54
  Rendered posts/index.html.erb within layouts/application (Duration: 4.6ms | Allocations: 2047)
[Webpacker] Everything's up-to-date. Nothing to do
  Rendered layout layouts/application.html.erb (Duration: 14.1ms | Allocations: 5671)
Completed 200 OK in 16ms (Views: 14.6ms | ActiveRecord: 0.5ms | Allocations: 6241)


Started GET "/posts" for ::1 at 2021-07-01 18:28:38 +0900
Processing by PostsController#index as HTML
  Rendering layout layouts/application.html.erb
  Rendering posts/index.html.erb within layouts/application
  [1m[35m (0.1ms)[0m  [1m[34mSELECT sqlite_version(*)[0m
  â†³ app/views/posts/index.html.erb:25
  [1m[36mPost Load (0.2ms)[0m  [1m[34mSELECT "posts".* FROM "posts"[0m
  â†³ app/views/posts/index.html.erb:25
  [1m[35m (0.2ms)[0m  [1m[34mSELECT COUNT(*) FROM "posts"[0m
  â†³ app/views/posts/index.html.erb:54
  Rendered posts/index.html.erb within layouts/application (Duration: 15.8ms | Allocations: 7212)
[Webpacker] Everything's up-to-date. Nothing to do
  Rendered layout layouts/application.html.erb (Duration: 28.9ms | Allocations: 10815)
Completed 200 OK in 36ms (Views: 30.2ms | ActiveRecord: 1.5ms | Allocations: 11882)


Started GET "/posts/new" for ::1 at 2021-07-01 18:28:40 +0900
Processing by PostsController#new as HTML
  Rendering layout layouts/application.html.erb
  Rendering posts/new.html.erb within layouts/application
  Rendered shared/_error.html.erb (Duration: 0.2ms | Allocations: 42)
  Rendered posts/new.html.erb within layouts/application (Duration: 3.2ms | Allocations: 725)
[Webpacker] Everything's up-to-date. Nothing to do
  Rendered layout layouts/application.html.erb (Duration: 10.5ms | Allocations: 4817)
Completed 200 OK in 12ms (Views: 11.2ms | ActiveRecord: 0.0ms | Allocations: 5257)


Started POST "/posts" for ::1 at 2021-07-01 18:28:42 +0900
Processing by PostsController#create as HTML
  Parameters: {"authenticity_token"=>"[FILTERED]", "post"=>{"title"=>"", "start_date"=>"", "end_date"=>"", "all_day"=>"0", "memo"=>""}, "commit"=>"ã‚¹ã‚±ã‚¸ãƒ¥ãƒ¼ãƒ«ã‚’æ–°è¦ç™»éŒ²ã™ã‚‹"}
Completed 500 Internal Server Error in 11ms (ActiveRecord: 0.0ms | Allocations: 3299)


  
NoMethodError (undefined method `schedule_memo' for #<Post:0x00007f8c953cb530>):
  
app/controllers/posts_controller.rb:14:in `create'
Started POST "/posts" for ::1 at 2021-07-01 18:32:12 +0900
Processing by PostsController#create as HTML
  Parameters: {"authenticity_token"=>"[FILTERED]", "post"=>{"title"=>"", "start_date"=>"", "end_date"=>"", "all_day"=>"0", "memo"=>""}, "commit"=>"ã‚¹ã‚±ã‚¸ãƒ¥ãƒ¼ãƒ«ã‚’æ–°è¦ç™»éŒ²ã™ã‚‹"}
  [1m[35m (0.1ms)[0m  [1m[34mSELECT sqlite_version(*)[0m
  â†³ app/controllers/posts_controller.rb:13:in `create'
Completed 500 Internal Server Error in 22ms (ActiveRecord: 1.1ms | Allocations: 8918)


  
NoMethodError (undefined method `schedule_memo' for #<Post:0x00007f8c9111d738>):
  
app/controllers/posts_controller.rb:14:in `create'
Started GET "/posts" for ::1 at 2021-07-01 18:32:15 +0900
Processing by PostsController#index as HTML
  Rendering layout layouts/application.html.erb
  Rendering posts/index.html.erb within layouts/application
  [1m[36mPost Load (0.3ms)[0m  [1m[34mSELECT "posts".* FROM "posts"[0m
  â†³ app/views/posts/index.html.erb:25
  [1m[35m (0.2ms)[0m  [1m[34mSELECT COUNT(*) FROM "posts"[0m
  â†³ app/views/posts/index.html.erb:54
  Rendered posts/index.html.erb within layouts/application (Duration: 6.5ms | Allocations: 2041)
[Webpacker] Everything's up-to-date. Nothing to do
  Rendered layout layouts/application.html.erb (Duration: 19.8ms | Allocations: 5665)
Completed 200 OK in 43ms (Views: 42.0ms | ActiveRecord: 0.5ms | Allocations: 6244)


Started DELETE "/posts/3" for ::1 at 2021-07-01 18:32:19 +0900
Processing by PostsController#destroy as HTML
  Parameters: {"authenticity_token"=>"[FILTERED]", "id"=>"3"}
  [1m[36mPost Load (0.2ms)[0m  [1m[34mSELECT "posts".* FROM "posts" WHERE "posts"."id" = ? LIMIT ?[0m  [["id", 3], ["LIMIT", 1]]
  â†³ app/controllers/posts_controller.rb:41:in `destroy'
  [1m[36mTRANSACTION (0.1ms)[0m  [1m[36mbegin transaction[0m
  â†³ app/controllers/posts_controller.rb:42:in `destroy'
  [1m[36mPost Destroy (0.5ms)[0m  [1m[31mDELETE FROM "posts" WHERE "posts"."id" = ?[0m  [["id", 3]]
  â†³ app/controllers/posts_controller.rb:42:in `destroy'
  [1m[36mTRANSACTION (0.9ms)[0m  [1m[36mcommit transaction[0m
  â†³ app/controllers/posts_controller.rb:42:in `destroy'
Redirected to http://localhost:3000/posts
Completed 302 Found in 11ms (ActiveRecord: 1.7ms | Allocations: 2741)


Started GET "/posts" for ::1 at 2021-07-01 18:32:19 +0900
Processing by PostsController#index as HTML
  Rendering layout layouts/application.html.erb
  Rendering posts/index.html.erb within layouts/application
  [1m[36mPost Load (0.2ms)[0m  [1m[34mSELECT "posts".* FROM "posts"[0m
  â†³ app/views/posts/index.html.erb:25
  [1m[35m (0.2ms)[0m  [1m[34mSELECT COUNT(*) FROM "posts"[0m
  â†³ app/views/posts/index.html.erb:54
  Rendered posts/index.html.erb within layouts/application (Duration: 3.6ms | Allocations: 1772)
[Webpacker] Everything's up-to-date. Nothing to do
  Rendered layout layouts/application.html.erb (Duration: 7.7ms | Allocations: 5392)
Completed 200 OK in 9ms (Views: 8.0ms | ActiveRecord: 0.3ms | Allocations: 5818)


Started GET "/posts/new" for ::1 at 2021-07-01 18:33:59 +0900
Processing by PostsController#new as HTML
  Rendering layout layouts/application.html.erb
  Rendering posts/new.html.erb within layouts/application
  Rendered shared/_error.html.erb (Duration: 0.1ms | Allocations: 42)
  Rendered posts/new.html.erb within layouts/application (Duration: 1.7ms | Allocations: 725)
[Webpacker] Everything's up-to-date. Nothing to do
  Rendered layout layouts/application.html.erb (Duration: 11.5ms | Allocations: 4345)
Completed 200 OK in 13ms (Views: 12.0ms | ActiveRecord: 0.0ms | Allocations: 4777)


Started POST "/posts" for ::1 at 2021-07-01 18:34:05 +0900
Processing by PostsController#create as HTML
  Parameters: {"authenticity_token"=>"[FILTERED]", "post"=>{"title"=>"ãŠ", "start_date"=>"", "end_date"=>"", "all_day"=>"0", "memo"=>""}, "commit"=>"ã‚¹ã‚±ã‚¸ãƒ¥ãƒ¼ãƒ«ã‚’æ–°è¦ç™»éŒ²ã™ã‚‹"}
Completed 500 Internal Server Error in 10ms (ActiveRecord: 0.0ms | Allocations: 3219)


  
NoMethodError (undefined method `schedule_memo' for #<Post:0x00007f8c95332ce0>):
  
app/controllers/posts_controller.rb:14:in `create'
Started POST "/posts" for ::1 at 2021-07-01 18:42:04 +0900
Processing by PostsController#create as HTML
  Parameters: {"authenticity_token"=>"[FILTERED]", "post"=>{"title"=>"ãŠ", "start_date"=>"", "end_date"=>"", "all_day"=>"0", "memo"=>""}, "commit"=>"ã‚¹ã‚±ã‚¸ãƒ¥ãƒ¼ãƒ«ã‚’æ–°è¦ç™»éŒ²ã™ã‚‹"}
  [1m[35m (0.2ms)[0m  [1m[34mSELECT sqlite_version(*)[0m
  â†³ app/controllers/posts_controller.rb:14:in `create'
Completed 500 Internal Server Error in 79ms (ActiveRecord: 0.7ms | Allocations: 3833)


  
NoMethodError (undefined method `schedule_memo' for #<Post:0x00007f8c95696a30>):
  
app/controllers/posts_controller.rb:14:in `create'
Started GET "/posts" for ::1 at 2021-07-01 18:42:37 +0900
Processing by PostsController#index as HTML
  Rendering layout layouts/application.html.erb
  Rendering posts/index.html.erb within layouts/application
  [1m[36mPost Load (0.8ms)[0m  [1m[34mSELECT "posts".* FROM "posts"[0m
  â†³ app/views/posts/index.html.erb:25
  [1m[35m (0.2ms)[0m  [1m[34mSELECT COUNT(*) FROM "posts"[0m
  â†³ app/views/posts/index.html.erb:54
  Rendered posts/index.html.erb within layouts/application (Duration: 7.9ms | Allocations: 1790)
[Webpacker] Everything's up-to-date. Nothing to do
  Rendered layout layouts/application.html.erb (Duration: 19.1ms | Allocations: 5411)
Completed 200 OK in 21ms (Views: 18.9ms | ActiveRecord: 1.1ms | Allocations: 5828)


Started GET "/posts/2/edit" for ::1 at 2021-07-01 18:42:40 +0900
Processing by PostsController#edit as HTML
  Parameters: {"id"=>"2"}
  [1m[36mPost Load (0.2ms)[0m  [1m[34mSELECT "posts".* FROM "posts" WHERE "posts"."id" = ? LIMIT ?[0m  [["id", 2], ["LIMIT", 1]]
  â†³ app/controllers/posts_controller.rb:27:in `edit'
  Rendering layout layouts/application.html.erb
  Rendering posts/edit.html.erb within layouts/application
  Rendered posts/edit.html.erb within layouts/application (Duration: 2.0ms | Allocations: 665)
[Webpacker] Everything's up-to-date. Nothing to do
  Rendered layout layouts/application.html.erb (Duration: 8.8ms | Allocations: 4284)
Completed 200 OK in 12ms (Views: 9.3ms | ActiveRecord: 0.2ms | Allocations: 5278)


Started PATCH "/posts/2" for ::1 at 2021-07-01 18:42:46 +0900
Processing by PostsController#update as HTML
  Parameters: {"authenticity_token"=>"[FILTERED]", "post"=>{"title"=>"è‹±èªž", "start_date"=>"2021-07-02", "end_date"=>"2021-07-02", "all_day"=>"1", "memo"=>""}, "commit"=>"ã‚¹ã‚±ã‚¸ãƒ¥ãƒ¼ãƒ«ã®ç·¨é›†ã‚’å®Œäº†ã™ã‚‹", "id"=>"2"}
  [1m[36mPost Load (0.2ms)[0m  [1m[34mSELECT "posts".* FROM "posts" WHERE "posts"."id" = ? LIMIT ?[0m  [["id", 2], ["LIMIT", 1]]
  â†³ app/controllers/posts_controller.rb:31:in `update'
Completed 500 Internal Server Error in 13ms (ActiveRecord: 0.2ms | Allocations: 3843)


  
NoMethodError (undefined method `schedule_memo' for #<Post:0x00007f8c90a09140>):
  
app/controllers/posts_controller.rb:32:in `update'
Started PATCH "/posts/2" for ::1 at 2021-07-01 18:43:40 +0900
Processing by PostsController#update as HTML
  Parameters: {"authenticity_token"=>"[FILTERED]", "post"=>{"title"=>"è‹±èªž", "start_date"=>"2021-07-02", "end_date"=>"2021-07-02", "all_day"=>"1", "memo"=>""}, "commit"=>"ã‚¹ã‚±ã‚¸ãƒ¥ãƒ¼ãƒ«ã®ç·¨é›†ã‚’å®Œäº†ã™ã‚‹", "id"=>"2"}
  [1m[35m (0.1ms)[0m  [1m[34mSELECT sqlite_version(*)[0m
  â†³ app/controllers/posts_controller.rb:31:in `update'
  [1m[36mPost Load (0.5ms)[0m  [1m[34mSELECT "posts".* FROM "posts" WHERE "posts"."id" = ? LIMIT ?[0m  [["id", 2], ["LIMIT", 1]]
  â†³ app/controllers/posts_controller.rb:31:in `update'
[31mUnpermitted parameter: :memo[0m
Completed 500 Internal Server Error in 33ms (ActiveRecord: 1.3ms | Allocations: 9645)


  
NoMethodError (undefined method `schedule_memo' for #<Post:0x00007f8c90a52f98>):
  
app/controllers/posts_controller.rb:32:in `update'
Started GET "/posts" for ::1 at 2021-07-01 18:44:12 +0900
Processing by PostsController#index as HTML
  Rendering layout layouts/application.html.erb
  Rendering posts/index.html.erb within layouts/application
  [1m[36mPost Load (0.2ms)[0m  [1m[34mSELECT "posts".* FROM "posts"[0m
  â†³ app/views/posts/index.html.erb:25
  [1m[35m (0.2ms)[0m  [1m[34mSELECT COUNT(*) FROM "posts"[0m
  â†³ app/views/posts/index.html.erb:54
  Rendered posts/index.html.erb within layouts/application (Duration: 4.6ms | Allocations: 1855)
[Webpacker] Everything's up-to-date. Nothing to do
  Rendered layout layouts/application.html.erb (Duration: 14.7ms | Allocations: 5479)
Completed 200 OK in 16ms (Views: 15.4ms | ActiveRecord: 0.4ms | Allocations: 6034)


Started GET "/posts/new" for ::1 at 2021-07-01 18:46:31 +0900
Processing by PostsController#new as HTML
  Rendering layout layouts/application.html.erb
  Rendering posts/new.html.erb within layouts/application
  Rendered shared/_error.html.erb (Duration: 0.1ms | Allocations: 42)
  Rendered posts/new.html.erb within layouts/application (Duration: 2.1ms | Allocations: 725)
[Webpacker] Everything's up-to-date. Nothing to do
  Rendered layout layouts/application.html.erb (Duration: 15.0ms | Allocations: 4981)
Completed 200 OK in 17ms (Views: 15.8ms | ActiveRecord: 0.0ms | Allocations: 5413)


Started POST "/posts" for ::1 at 2021-07-01 18:46:43 +0900
Processing by PostsController#create as HTML
  Parameters: {"authenticity_token"=>"[FILTERED]", "post"=>{"title"=>"", "start_date"=>"", "end_date"=>"", "all_day"=>"0", "memo"=>""}, "commit"=>"ã‚¹ã‚±ã‚¸ãƒ¥ãƒ¼ãƒ«ã‚’æ–°è¦ç™»éŒ²ã™ã‚‹"}
Completed 500 Internal Server Error in 11ms (ActiveRecord: 0.0ms | Allocations: 3223)


  
NoMethodError (undefined method `schedule_memo' for #<Post:0x00007f8c8d739148>):
  
app/controllers/posts_controller.rb:14:in `create'
Started POST "/posts" for ::1 at 2021-07-01 18:49:08 +0900
  [1m[35m (0.1ms)[0m  [1m[34mSELECT sqlite_version(*)[0m
  [1m[35m (0.6ms)[0m  [1m[34mSELECT "schema_migrations"."version" FROM "schema_migrations" ORDER BY "schema_migrations"."version" ASC[0m
Processing by PostsController#create as HTML
  Parameters: {"authenticity_token"=>"[FILTERED]", "post"=>{"title"=>"", "start_date"=>"", "end_date"=>"", "all_day"=>"0", "memo"=>""}, "commit"=>"ã‚¹ã‚±ã‚¸ãƒ¥ãƒ¼ãƒ«ã‚’æ–°è¦ç™»éŒ²ã™ã‚‹"}
[31mUnpermitted parameter: :memo[0m
Completed 500 Internal Server Error in 16ms (ActiveRecord: 0.5ms | Allocations: 8197)


  
NoMethodError (undefined method `schedule_memo' for #<Post:0x00007f8c8d7a1f18>):
  
app/controllers/posts_controller.rb:14:in `create'
Started POST "/posts" for ::1 at 2021-07-01 18:51:25 +0900
  [1m[35m (0.1ms)[0m  [1m[34mSELECT sqlite_version(*)[0m
  [1m[35m (0.6ms)[0m  [1m[34mSELECT "schema_migrations"."version" FROM "schema_migrations" ORDER BY "schema_migrations"."version" ASC[0m
Processing by PostsController#create as HTML
  Parameters: {"authenticity_token"=>"[FILTERED]", "post"=>{"title"=>"", "start_date"=>"", "end_date"=>"", "all_day"=>"0", "memo"=>""}, "commit"=>"ã‚¹ã‚±ã‚¸ãƒ¥ãƒ¼ãƒ«ã‚’æ–°è¦ç™»éŒ²ã™ã‚‹"}
  Rendering layout layouts/application.html.erb
  Rendering posts/new.html.erb within layouts/application
  Rendered shared/_error.html.erb (Duration: 8.9ms | Allocations: 3285)
  Rendered posts/new.html.erb within layouts/application (Duration: 13.5ms | Allocations: 6355)
[Webpacker] Everything's up-to-date. Nothing to do
  Rendered layout layouts/application.html.erb (Duration: 24.3ms | Allocations: 9898)
Completed 200 OK in 35ms (Views: 25.0ms | ActiveRecord: 0.6ms | Allocations: 16112)


Started GET "/posts" for ::1 at 2021-07-01 18:51:32 +0900
Processing by PostsController#index as HTML
  Rendering layout layouts/application.html.erb
  Rendering posts/index.html.erb within layouts/application
  [1m[36mPost Load (0.9ms)[0m  [1m[34mSELECT "posts".* FROM "posts"[0m
  â†³ app/views/posts/index.html.erb:25
  [1m[35m (0.3ms)[0m  [1m[34mSELECT COUNT(*) FROM "posts"[0m
  â†³ app/views/posts/index.html.erb:54
  Rendered posts/index.html.erb within layouts/application (Duration: 7.4ms | Allocations: 1806)
[Webpacker] Everything's up-to-date. Nothing to do
  Rendered layout layouts/application.html.erb (Duration: 13.4ms | Allocations: 5426)
Completed 200 OK in 15ms (Views: 12.7ms | ActiveRecord: 1.2ms | Allocations: 5873)


Started GET "/posts/2" for ::1 at 2021-07-01 18:51:38 +0900
Processing by PostsController#show as HTML
  Parameters: {"id"=>"2"}
  [1m[36mPost Load (0.3ms)[0m  [1m[34mSELECT "posts".* FROM "posts" WHERE "posts"."id" = ? LIMIT ?[0m  [["id", 2], ["LIMIT", 1]]
  â†³ app/controllers/posts_controller.rb:23:in `show'
  Rendering layout layouts/application.html.erb
  Rendering posts/show.html.erb within layouts/application
  Rendered posts/show.html.erb within layouts/application (Duration: 0.8ms | Allocations: 208)
[Webpacker] Everything's up-to-date. Nothing to do
  Rendered layout layouts/application.html.erb (Duration: 7.2ms | Allocations: 3828)
Completed 200 OK in 12ms (Views: 8.1ms | ActiveRecord: 0.3ms | Allocations: 4912)


Started GET "/posts/2/edit" for ::1 at 2021-07-01 18:51:45 +0900
Processing by PostsController#edit as HTML
  Parameters: {"id"=>"2"}
  [1m[36mPost Load (0.2ms)[0m  [1m[34mSELECT "posts".* FROM "posts" WHERE "posts"."id" = ? LIMIT ?[0m  [["id", 2], ["LIMIT", 1]]
  â†³ app/controllers/posts_controller.rb:27:in `edit'
  Rendering layout layouts/application.html.erb
  Rendering posts/edit.html.erb within layouts/application
  Rendered posts/edit.html.erb within layouts/application (Duration: 1.3ms | Allocations: 665)
[Webpacker] Everything's up-to-date. Nothing to do
  Rendered layout layouts/application.html.erb (Duration: 6.8ms | Allocations: 4284)
Completed 200 OK in 10ms (Views: 7.4ms | ActiveRecord: 0.2ms | Allocations: 5257)


Started GET "/posts" for ::1 at 2021-07-01 18:51:51 +0900
Processing by PostsController#index as HTML
  Rendering layout layouts/application.html.erb
  Rendering posts/index.html.erb within layouts/application
  [1m[36mPost Load (0.2ms)[0m  [1m[34mSELECT "posts".* FROM "posts"[0m
  â†³ app/views/posts/index.html.erb:25
  [1m[35m (1.0ms)[0m  [1m[34mSELECT COUNT(*) FROM "posts"[0m
  â†³ app/views/posts/index.html.erb:54
  Rendered posts/index.html.erb within layouts/application (Duration: 24.5ms | Allocations: 2220)
[Webpacker] Everything's up-to-date. Nothing to do
  Rendered layout layouts/application.html.erb (Duration: 32.7ms | Allocations: 6020)
Completed 200 OK in 34ms (Views: 32.2ms | ActiveRecord: 1.2ms | Allocations: 6444)


Started GET "/posts/new" for ::1 at 2021-07-01 18:51:54 +0900
Processing by PostsController#new as HTML
  Rendering layout layouts/application.html.erb
  Rendering posts/new.html.erb within layouts/application
  Rendered shared/_error.html.erb (Duration: 0.1ms | Allocations: 42)
  Rendered posts/new.html.erb within layouts/application (Duration: 1.9ms | Allocations: 721)
[Webpacker] Everything's up-to-date. Nothing to do
  Rendered layout layouts/application.html.erb (Duration: 8.0ms | Allocations: 4340)
Completed 200 OK in 9ms (Views: 8.7ms | ActiveRecord: 0.0ms | Allocations: 4771)


Started GET "/posts/new" for ::1 at 2021-07-01 18:52:37 +0900
Processing by PostsController#new as HTML
  Rendering layout layouts/application.html.erb
  Rendering posts/new.html.erb within layouts/application
  Rendered shared/_error.html.erb (Duration: 1.2ms | Allocations: 188)
  Rendered posts/new.html.erb within layouts/application (Duration: 4.2ms | Allocations: 1375)
[Webpacker] Everything's up-to-date. Nothing to do
  Rendered layout layouts/application.html.erb (Duration: 10.5ms | Allocations: 5175)
Completed 200 OK in 14ms (Views: 13.1ms | ActiveRecord: 0.0ms | Allocations: 6342)


Started POST "/posts" for ::1 at 2021-07-01 18:52:44 +0900
Processing by PostsController#create as HTML
  Parameters: {"authenticity_token"=>"[FILTERED]", "post"=>{"title"=>"", "start_date"=>"", "end_date"=>"", "all_day"=>"0", "memo"=>""}, "commit"=>"ã‚¹ã‚±ã‚¸ãƒ¥ãƒ¼ãƒ«ã‚’æ–°è¦ç™»éŒ²ã™ã‚‹"}
  Rendering layout layouts/application.html.erb
  Rendering posts/new.html.erb within layouts/application
  Rendered shared/_error.html.erb (Duration: 2.1ms | Allocations: 1721)
  Rendered posts/new.html.erb within layouts/application (Duration: 6.4ms | Allocations: 4782)
[Webpacker] Everything's up-to-date. Nothing to do
  Rendered layout layouts/application.html.erb (Duration: 12.4ms | Allocations: 8323)
Completed 200 OK in 14ms (Views: 12.9ms | ActiveRecord: 0.0ms | Allocations: 9404)


